Create folders ing
done !
Epoch 0 train loss is:0.021074385208296863

Epoch 0 val loss is:0.006887630978599191

Epoch 0 mean correlation is:0.3264214222905953

Epoch 0 correlations:[0.2629844039659623, 0.22470279056648454, 0.4114905099821736, 0.16587201837311472, 0.3901250208037902, 0.6828061527614645, 0.36321174674645273, 0.2621858123594193, 0.14806326937164996, 0.3527724979754408]

Epoch 0: saved sucessfully.



Epoch 1 train loss is:0.02019108693142805

Epoch 1 val loss is:0.006570961489342153

Epoch 1 mean correlation is:0.34775537440892823

Epoch 1 correlations:[0.25812076609494244, 0.13323960633009582, 0.44144329363187224, 0.20607984072389268, 0.4198051055274532, 0.7240292335941482, 0.4126894314731253, 0.29575938004368885, 0.15517366835303842, 0.43121341831702487]

Epoch 1: saved sucessfully.



Epoch 2 train loss is:0.019895488898927238

Epoch 2 val loss is:0.005832931352779269

Epoch 2 mean correlation is:0.3806848033640231

Epoch 2 correlations:[0.28744287024060083, 0.15059673695200945, 0.4787209670768581, 0.18742272249815933, 0.42924487201276434, 0.7693534765687582, 0.4269400883151244, 0.4127870060580113, 0.20287350017473918, 0.461465793743206]

Epoch 2: saved sucessfully.



Epoch 3 train loss is:0.01968389013919103

Epoch 3 val loss is:0.005677286419086158

Epoch 3 mean correlation is:0.386427937859784

Epoch 3 correlations:[0.3343613261708089, 0.16014212296927424, 0.46210597218213895, 0.20231278330843633, 0.4317375260750273, 0.771814094515101, 0.4335768597070052, 0.3976425941056293, 0.23433145269979008, 0.43625464686462867]

Epoch 3: saved sucessfully.



Epoch 4 train loss is:0.01955421854303602

Epoch 4 val loss is:0.005629302014131099

Epoch 4 mean correlation is:0.4158778139467888

Epoch 4 correlations:[0.3718202148549358, 0.1793141286001865, 0.5358302504345307, 0.2390621349137733, 0.4466443901058477, 0.7802314978640286, 0.45600656878981977, 0.4067559124033528, 0.2608960849255329, 0.48221695657588]

Epoch 4: saved sucessfully.



Epoch 5 train loss is:0.01944643303149325

Epoch 5 val loss is:0.005618231906555593

Epoch 5 mean correlation is:0.444661535891156

Epoch 5 correlations:[0.37576000766663403, 0.2220287222142624, 0.5236130707522633, 0.38620417549494507, 0.4222619203656457, 0.799530193672626, 0.4892114578597824, 0.4017632520660679, 0.31714521795263423, 0.509097340866699]

Epoch 5: saved sucessfully.



Epoch 6 train loss is:0.01935352839063853

Epoch 6 val loss is:0.005393932654988021

Epoch 6 mean correlation is:0.43217783730784465

Epoch 6 correlations:[0.34712344281359087, 0.12962462190049223, 0.5701826482785589, 0.3500457037417531, 0.4334443965805726, 0.8043056809462773, 0.47848929042180516, 0.4232177071644269, 0.29380150430553487, 0.4915433769254344]



Epoch 7 train loss is:0.019291703686501613

Epoch 7 val loss is:0.005304700823035091

Epoch 7 mean correlation is:0.44180924077711625

Epoch 7 correlations:[0.35086369231741527, 0.21002500974609264, 0.578428579751048, 0.3403635877181326, 0.4558621423786396, 0.8167856929040739, 0.4953205552624783, 0.37763896526229834, 0.29170140353971735, 0.5011027788912664]



Epoch 8 train loss is:0.019215755207080614

Epoch 8 val loss is:0.005369531048927456

Epoch 8 mean correlation is:0.44143042180165953

Epoch 8 correlations:[0.34453384172602747, 0.20824123285789914, 0.5705937337218326, 0.30026483574956175, 0.4624396223777908, 0.8070818009560073, 0.48956207112329103, 0.4167736658417439, 0.3127375460476692, 0.5020758676147724]



Epoch 9 train loss is:0.019200652009150124

Epoch 9 val loss is:0.005405010154936463

Epoch 9 mean correlation is:0.4487480825654872

Epoch 9 correlations:[0.3902871643749899, 0.2145191962432634, 0.5746561293097262, 0.27888550722277106, 0.4678207875444918, 0.8057196827093047, 0.49675193654265787, 0.4347596535625597, 0.3184409806792205, 0.5056397874658872]

Epoch 9: saved sucessfully.



Epoch 10 train loss is:0.01913484782391392

Epoch 10 val loss is:0.005115176760591566

Epoch 10 mean correlation is:0.4698068999476579

Epoch 10 correlations:[0.36965470809321677, 0.2841867267653533, 0.5965510608151932, 0.3767576207664058, 0.46262059289096746, 0.8277014176029801, 0.5197457529932797, 0.4332847731775355, 0.3284646632026035, 0.4991016831690435]

Epoch 10: saved sucessfully.



Epoch 11 train loss is:0.01911434682962649

Epoch 11 val loss is:0.005218082666397094

Epoch 11 mean correlation is:0.46062705882042937

Epoch 11 correlations:[0.3576604074661554, 0.28578757435779367, 0.5937976534737155, 0.3755072286498298, 0.4277853080282823, 0.8254430782767272, 0.5002454378069128, 0.4050193016538721, 0.3125135415965627, 0.5225110568944425]



Epoch 12 train loss is:0.019057779400335515

Epoch 12 val loss is:0.005242037156131118

Epoch 12 mean correlation is:0.46538498128578654

Epoch 12 correlations:[0.38531557447497056, 0.26325249120461963, 0.6091010846920407, 0.3651312248450216, 0.4677670379294894, 0.821100864910023, 0.5163460912743061, 0.42556879569176476, 0.2888262475450718, 0.5114404002905579]



Epoch 13 train loss is:0.019038668224204552

Epoch 13 val loss is:0.005094254820141942

Epoch 13 mean correlation is:0.47700694383107684

Epoch 13 correlations:[0.3893324938494119, 0.26947975925966616, 0.6217831221939484, 0.36348846218365505, 0.47315708021108294, 0.8333009494013727, 0.5359784156291832, 0.43645296510439674, 0.32276761909352786, 0.5243285713845235]

Epoch 13: saved sucessfully.



Epoch 14 train loss is:0.019002741484848016

Epoch 14 val loss is:0.005070597131270916

Epoch 14 mean correlation is:0.47848614346014734

Epoch 14 correlations:[0.3230982365240584, 0.29860403358303095, 0.6360145179157939, 0.3783867403528468, 0.48439265521229286, 0.8266156337896008, 0.5478383301882742, 0.44685357451610175, 0.3182169288684994, 0.5248407836509746]

Epoch 14: saved sucessfully.



Epoch 15 train loss is:0.01898644036914715

Epoch 15 val loss is:0.005042651097755879

Epoch 15 mean correlation is:0.4862502035133499

Epoch 15 correlations:[0.4023443938978753, 0.3246584057762514, 0.6178230422151141, 0.37179679741414756, 0.45903300484048465, 0.8326627493496045, 0.5371962865464939, 0.4620663036250439, 0.3291684581070319, 0.5257525933614519]

Epoch 15: saved sucessfully.



Epoch 16 train loss is:0.018952485110939426

Epoch 16 val loss is:0.005224069382529705

Epoch 16 mean correlation is:0.480529281276873

Epoch 16 correlations:[0.36470430137179877, 0.32580436275412966, 0.6310455596495042, 0.34732456701725223, 0.47793280347270145, 0.8291629781481213, 0.5447106148929506, 0.43691099740464084, 0.3250034330724504, 0.5226931949851803]



Epoch 17 train loss is:0.018927865901359302

Epoch 17 val loss is:0.0049787150346674025

Epoch 17 mean correlation is:0.4900722968509818

Epoch 17 correlations:[0.4000335624499209, 0.31351180831798026, 0.6179271336020304, 0.3815436575479132, 0.4779957820172393, 0.839265303825206, 0.5378961286897163, 0.4619370203414842, 0.33561392863621303, 0.5349986430821146]

Epoch 17: saved sucessfully.



Epoch 18 train loss is:0.018920296522350433

Epoch 18 val loss is:0.005010358605068177

Epoch 18 mean correlation is:0.488452482321225

Epoch 18 correlations:[0.3898811354694777, 0.32574124646309083, 0.636182972265773, 0.36149021574381257, 0.4427187732526652, 0.8383186303405722, 0.5436491036481582, 0.46375207130052293, 0.34230144748394054, 0.540489227244237]



Epoch 19 train loss is:0.01890312310801271

Epoch 19 val loss is:0.005120470200199634

Epoch 19 mean correlation is:0.49746711770602287

Epoch 19 correlations:[0.4172562103126301, 0.34809824813267404, 0.6378377266057369, 0.38142081411975415, 0.47125655444774034, 0.8394699830315986, 0.5538421065013234, 0.44863693993374915, 0.3540479423329635, 0.5228046516420584]

Epoch 19: saved sucessfully.



Epoch 20 train loss is:0.018862700607518063

Epoch 20 val loss is:0.005020929663442075

Epoch 20 mean correlation is:0.49769331819988205

Epoch 20 correlations:[0.4106482830035458, 0.3175710404349361, 0.6590200644619537, 0.3665731437764022, 0.47480288168837365, 0.8235584161481975, 0.5534362630150218, 0.4743856343261676, 0.3564227360726965, 0.5405147190715258]

Epoch 20: saved sucessfully.



Epoch 21 train loss is:0.018846583788228385

Epoch 21 val loss is:0.00500575298210606

Epoch 21 mean correlation is:0.4981677860435025

Epoch 21 correlations:[0.41778972844693146, 0.32448441864232025, 0.6508047191306916, 0.3618056510171452, 0.4896919232746948, 0.8371612020043551, 0.559491856156352, 0.47467170584964763, 0.3530906142598505, 0.512686041653036]

Epoch 21: saved sucessfully.



Epoch 22 train loss is:0.018847194397548103

Epoch 22 val loss is:0.004991612758021802

Epoch 22 mean correlation is:0.4969062466451861

Epoch 22 correlations:[0.38759148733286447, 0.3361866270289217, 0.655819632786228, 0.3675725100176154, 0.4697537423559524, 0.8421609485692563, 0.5720450868755, 0.47600787321365867, 0.34214948953829305, 0.5197750687335712]



Epoch 23 train loss is:0.018807230162543848

Epoch 23 val loss is:0.005059992277529091

Epoch 23 mean correlation is:0.4991104777178065

Epoch 23 correlations:[0.3990012584513195, 0.33138597574406525, 0.6631361751154251, 0.36369637669049465, 0.4715546634344251, 0.8403088968205448, 0.5766432135490794, 0.4707010856910036, 0.3529211080928251, 0.5217560235888835]

Epoch 23: saved sucessfully.



Epoch 24 train loss is:0.018787920829730437

Epoch 24 val loss is:0.004834064375609159

Epoch 24 mean correlation is:0.5051977734925821

Epoch 24 correlations:[0.42061641984487796, 0.33720063470460127, 0.6781568871504307, 0.3782358752874089, 0.47847930927767307, 0.8492560789052743, 0.5745169498143116, 0.44936502289114916, 0.3503208987303138, 0.5358296583197808]

Epoch 24: saved sucessfully.



Epoch 25 train loss is:0.018758844903341548

Epoch 25 val loss is:0.004966575582511723

Epoch 25 mean correlation is:0.5006016141179785

Epoch 25 correlations:[0.4265104515174325, 0.3466049243654604, 0.645331585196171, 0.358624296013657, 0.464367802160235, 0.8467484519892207, 0.5886391652972757, 0.43949047676873854, 0.3645940104697687, 0.5251049774018266]



Epoch 26 train loss is:0.018743249243947074

Epoch 26 val loss is:0.004781442752573639

Epoch 26 mean correlation is:0.5068418420777488

Epoch 26 correlations:[0.417609554524908, 0.3418841386635267, 0.6612224536722655, 0.379710687796989, 0.48112998689634173, 0.851969836272467, 0.5879574198395787, 0.4637544323190918, 0.3572471263959133, 0.5259327843964069]

Epoch 26: saved sucessfully.



Epoch 27 train loss is:0.018746786520761602

Epoch 27 val loss is:0.00491749522043392

Epoch 27 mean correlation is:0.5078371881811385

Epoch 27 correlations:[0.41508508247568365, 0.34357075717260016, 0.6549135715941838, 0.3826242549567834, 0.469625059924587, 0.8441266928809175, 0.5703088153561034, 0.48629962509796026, 0.3729138437593571, 0.5389041785932092]

Epoch 27: saved sucessfully.



Epoch 28 train loss is:0.01871393351158237

Epoch 28 val loss is:0.004775509249884635

Epoch 28 mean correlation is:0.5093468843748468

Epoch 28 correlations:[0.42445347982159826, 0.33601913649211435, 0.6543063631437701, 0.3676314911957796, 0.47450676476133685, 0.8324099171402818, 0.5962453297603736, 0.4783363863590421, 0.37825450788768356, 0.5513054671864881]

Epoch 28: saved sucessfully.



Epoch 29 train loss is:0.018711407510015893

Epoch 29 val loss is:0.004883113398682326

Epoch 29 mean correlation is:0.5118575101050603

Epoch 29 correlations:[0.4096058106225553, 0.34276036497337015, 0.6623618039963499, 0.38001526087094073, 0.4733198600785714, 0.8499577697395376, 0.601463311609368, 0.5035762696218201, 0.3645021794372483, 0.5310124701008423]

Epoch 29: saved sucessfully.



Epoch 30 train loss is:0.018650720490361837

Epoch 30 val loss is:0.004951453651301563

Epoch 30 mean correlation is:0.5079493889126583

Epoch 30 correlations:[0.41082412871318763, 0.35018102803592294, 0.6716701900586826, 0.37304451378546116, 0.46798917428812276, 0.8434649154442719, 0.5817157447972922, 0.46501361732550783, 0.36987640681024636, 0.545714169867887]



Epoch 31 train loss is:0.018653397749671164

Epoch 31 val loss is:0.0048443915788084265

Epoch 31 mean correlation is:0.5069167506451306

Epoch 31 correlations:[0.412881138536746, 0.3444087473424489, 0.6694673169864559, 0.3359909164178096, 0.4677046790231029, 0.8416033824930461, 0.5903218270772943, 0.48836789613330417, 0.3774018827668041, 0.5410197196742935]



Epoch 32 train loss is:0.018653857695650967

Epoch 32 val loss is:0.0047988486243411895

Epoch 32 mean correlation is:0.5163405435769667

Epoch 32 correlations:[0.42089719281370347, 0.3614192938705073, 0.6679537692183335, 0.3844644510485351, 0.4692139449749747, 0.85860507643665, 0.5856986808332411, 0.49090506035654674, 0.37134922858990477, 0.5528987376272702]

Epoch 32: saved sucessfully.



Epoch 33 train loss is:0.018617238613831646

Epoch 33 val loss is:0.004836234310641885

Epoch 33 mean correlation is:0.5118132196216357

Epoch 33 correlations:[0.41815486002937485, 0.3507981896516335, 0.6682617084765047, 0.38758569223779754, 0.4638740703211625, 0.8363515484857641, 0.6023834537833881, 0.47557947973022996, 0.3750015303842776, 0.5401416631162247]



Epoch 34 train loss is:0.018603246148182626

Epoch 34 val loss is:0.00482866745442152

Epoch 34 mean correlation is:0.5132490565248713

Epoch 34 correlations:[0.4168376592475844, 0.34381785482407834, 0.6596913507706101, 0.38692708470337234, 0.44748188063306865, 0.8495571180584651, 0.5869296967616948, 0.5057298376730756, 0.38584501154088774, 0.5496730710358748]



Epoch 35 train loss is:0.018584360417855137

Epoch 35 val loss is:0.0048699963605031375

Epoch 35 mean correlation is:0.5132868826897117

Epoch 35 correlations:[0.42067051210794926, 0.35767723621434416, 0.6680812952142017, 0.38617904292620814, 0.44937422785509873, 0.8518402440258972, 0.5947939040954656, 0.4794544255419266, 0.38309051435383373, 0.5417074245621918]



Epoch 36 train loss is:0.01857293059994631

Epoch 36 val loss is:0.004859843023587019

Epoch 36 mean correlation is:0.5151961213353331

Epoch 36 correlations:[0.39157115265135534, 0.35933294291895623, 0.6751490149560669, 0.3823798967091886, 0.45708265858400693, 0.8502027525965499, 0.6048847278478449, 0.48924861151977916, 0.3798502424555837, 0.5622592131140001]



Epoch 37 train loss is:0.01856620509095271

Epoch 37 val loss is:0.004897367407102138

Epoch 37 mean correlation is:0.5132765694992278

Epoch 37 correlations:[0.4003410515067747, 0.3484399268474504, 0.6724784186785183, 0.3742008430901021, 0.46080926385488713, 0.8514056579120199, 0.5998550597403208, 0.4808410394503267, 0.39761253023571075, 0.5467819036761676]



Epoch 38 train loss is:0.01855457135996617

Epoch 38 val loss is:0.004813259572256356

Epoch 38 mean correlation is:0.5148793873843418

Epoch 38 correlations:[0.3736653221511944, 0.3630900780275943, 0.6844525097823655, 0.3818544244090037, 0.46515272122656903, 0.858834933119793, 0.6040696125999758, 0.4760936533020081, 0.39617876567648624, 0.5454018535484287]



Epoch 39 train loss is:0.018527854290133452

Epoch 39 val loss is:0.00488721263827756

Epoch 39 mean correlation is:0.5170851495196476

Epoch 39 correlations:[0.39496887838529765, 0.35974217030009553, 0.6741185547593862, 0.37412946914141443, 0.47502225497222633, 0.8424331298721347, 0.6007986979860185, 0.4888072493025176, 0.4064942991925638, 0.5543367912848213]

Epoch 39: saved sucessfully.



Epoch 40 train loss is:0.01853422267115949

Epoch 40 val loss is:0.004831239685881883

Epoch 40 mean correlation is:0.5133755624810332

Epoch 40 correlations:[0.4138181387528471, 0.3505245771418411, 0.6658239800489474, 0.3774640790965507, 0.47274195011557174, 0.8498093929805138, 0.6021506626881691, 0.45847534410876406, 0.40226986926047575, 0.5406776306166523]



Epoch 41 train loss is:0.018477566493675112

Epoch 41 val loss is:0.004940448957495391

Epoch 41 mean correlation is:0.5168213952451632

Epoch 41 correlations:[0.4275615641021006, 0.3596172960289988, 0.6662392807785805, 0.37207321632644735, 0.45654448496796524, 0.8573128994814697, 0.6271550896738958, 0.44013521265187017, 0.4137249720241417, 0.5478499364161624]



Epoch 42 train loss is:0.018494474879630348

Epoch 42 val loss is:0.004969191981945187

Epoch 42 mean correlation is:0.5171618749831304

Epoch 42 correlations:[0.4088130894850308, 0.363147953360124, 0.6677404274312613, 0.3838653648028458, 0.45974663976489355, 0.8494746228557399, 0.5974682412809615, 0.5031069756403271, 0.3932355178009016, 0.5450199174092178]

Epoch 42: saved sucessfully.



Epoch 43 train loss is:0.01847306947251234

Epoch 43 val loss is:0.00479651972418651

Epoch 43 mean correlation is:0.5208606915853957

Epoch 43 correlations:[0.40613337493355267, 0.3474175880081511, 0.6840986694686064, 0.36122920908591866, 0.44926029791115624, 0.8431738611799763, 0.6230627934120473, 0.5079204584960688, 0.42820795018171237, 0.5581027131767677]

Epoch 43: saved sucessfully.



Epoch 44 train loss is:0.018458617123884753

Epoch 44 val loss is:0.00479299568105489

Epoch 44 mean correlation is:0.5159883810038606

Epoch 44 correlations:[0.4048733968581352, 0.3576710542549843, 0.6776641632523158, 0.37768272840590505, 0.46350384762427455, 0.8428626255773757, 0.5967721173700082, 0.4986036827551991, 0.4107376579643641, 0.5295125359760431]



Epoch 45 train loss is:0.018421977340682027

Epoch 45 val loss is:0.00464762510964647

Epoch 45 mean correlation is:0.5257028457945685

Epoch 45 correlations:[0.43774767642703294, 0.36046189744981744, 0.6809660491134352, 0.3897002718349009, 0.4608842447756275, 0.8554355884563599, 0.6067172490032817, 0.48000167310924174, 0.4269006737131741, 0.5582131340628135]

Epoch 45: saved sucessfully.



Epoch 46 train loss is:0.018435494219610358

Epoch 46 val loss is:0.004970248648896813

Epoch 46 mean correlation is:0.5212404988917513

Epoch 46 correlations:[0.4342849516125605, 0.36028258649550987, 0.665020899333758, 0.3757050415030802, 0.45089493850760703, 0.8326769361457721, 0.5970747059173036, 0.5042941669916897, 0.4218158935042042, 0.5703548689060273]



Epoch 47 train loss is:0.01839689873843728

Epoch 47 val loss is:0.004851218743715436

Epoch 47 mean correlation is:0.5200647751771228

Epoch 47 correlations:[0.4170141736009106, 0.36027415765022136, 0.6885633476816004, 0.35529404385963825, 0.46853282793237955, 0.8463050139550667, 0.600200315122943, 0.46963370651624603, 0.4350405243405505, 0.5597896411116717]



Epoch 48 train loss is:0.018398746698820852

Epoch 48 val loss is:0.004735696676652879

Epoch 48 mean correlation is:0.5214463172715329

Epoch 48 correlations:[0.41174160304766033, 0.3597653822679225, 0.660695537159376, 0.37871588433353254, 0.4713920326873631, 0.8549251265237637, 0.6144018319239173, 0.49834877939262273, 0.42229593792568454, 0.5421810574534855]



Epoch 49 train loss is:0.01836558944573078

Epoch 49 val loss is:0.004756749584339559

Epoch 49 mean correlation is:0.5194436976880942

Epoch 49 correlations:[0.42427310051352846, 0.37138424436820977, 0.6652993904056596, 0.36226990237234086, 0.4619809738944227, 0.8529179154634353, 0.5924107348635633, 0.48109778334494063, 0.42805701059878415, 0.5547459210560577]



