Create folders ing
done !
Epoch 0 train loss is:0.021224812221001175

Epoch 0 val loss is:0.006841470138169825

Epoch 0 mean correlation is:0.29321691847332587

Epoch 0 correlations:[0.2396364850449395, 0.12557815838302713, 0.42936526317928386, -0.04161722458392163, 0.41312477316844165, 0.6737696966777542, 0.24115664437674092, 0.321049589806611, 0.12128129752818953, 0.4088245011521928]

Epoch 0: saved sucessfully.



Epoch 1 train loss is:0.02031329708886059

Epoch 1 val loss is:0.006213348405435681

Epoch 1 mean correlation is:0.33034615847219323

Epoch 1 correlations:[0.23983074618797384, -0.05680309310906228, 0.48746291917124185, 0.15611596613207748, 0.4331203900281881, 0.6987750368606724, 0.35081795484228884, 0.40596035188089935, 0.1423333863107659, 0.44584792641688703]

Epoch 1: saved sucessfully.



Epoch 2 train loss is:0.02003994993180694

Epoch 2 val loss is:0.006699219858273864

Epoch 2 mean correlation is:0.30274207033247136

Epoch 2 correlations:[0.2535744013593984, -0.18692866915842687, 0.46627553796266347, 0.19194839733095712, 0.30580737920499595, 0.7290611731185868, 0.40841494701314673, 0.3593504877765026, 0.0546912103560798, 0.4452258383608094]



Epoch 3 train loss is:0.019801889879026396

Epoch 3 val loss is:0.006154258898459375

Epoch 3 mean correlation is:0.3688565356674876

Epoch 3 correlations:[0.2692373677752336, 0.18447189842689363, 0.5354465828890451, 0.23732823015710192, 0.37695770449549804, 0.7444288684087481, 0.43274519649323256, 0.38037634601391, 0.10645535527533483, 0.4211178067398782]

Epoch 3: saved sucessfully.



Epoch 4 train loss is:0.019653965669738895

Epoch 4 val loss is:0.005756939551793039

Epoch 4 mean correlation is:0.3674876574919521

Epoch 4 correlations:[0.25964951169594647, 0.17898851324458093, 0.5005519302163064, 0.3058960989617842, 0.4423362552050603, 0.7775530901584579, 0.4006385187642549, 0.3886830376216675, -0.07507548524768444, 0.4956551042991466]



Epoch 5 train loss is:0.019520778337712673

Epoch 5 val loss is:0.005519867583643645

Epoch 5 mean correlation is:0.38016959292824

Epoch 5 correlations:[0.2817579491938039, 0.18042511015754084, 0.5463823726119744, 0.2395714286233742, 0.43285206775211643, 0.798838130631498, 0.4523380095011568, 0.39115182400853715, 0.00172105541972965, 0.4766579813826682]

Epoch 5: saved sucessfully.



Epoch 6 train loss is:0.01942234488943701

Epoch 6 val loss is:0.005476863449439406

Epoch 6 mean correlation is:0.4131700339770908

Epoch 6 correlations:[0.29544865821657235, 0.23316175221349633, 0.5780980248110315, 0.29587777238542917, 0.41320295284545194, 0.8142589267827207, 0.450073923909302, 0.4199098403598244, 0.14327061840479186, 0.4883978698422878]

Epoch 6: saved sucessfully.



Epoch 7 train loss is:0.019330944644068093

Epoch 7 val loss is:0.0054247194319032134

Epoch 7 mean correlation is:0.4321128191981184

Epoch 7 correlations:[0.3676518334482457, 0.2147368318115507, 0.5914228678768222, 0.37659429335989103, 0.4625100078717608, 0.8151523688500111, 0.43959474592876463, 0.4143504737927516, 0.1484810837408322, 0.49063368530055335]

Epoch 7: saved sucessfully.



Epoch 8 train loss is:0.019270793901865972

Epoch 8 val loss is:0.00545796996448189

Epoch 8 mean correlation is:0.42696643826365194

Epoch 8 correlations:[0.3370730240932949, 0.2521310228187667, 0.5742905651321478, 0.3100890034238788, 0.4576044157631554, 0.8236230510301014, 0.4799358300718597, 0.41591986415609494, 0.20135879012671587, 0.4176388160205042]



Epoch 9 train loss is:0.01922954105470768

Epoch 9 val loss is:0.005233457894064486

Epoch 9 mean correlation is:0.4530312063501383

Epoch 9 correlations:[0.3628546737723046, 0.30536688843378507, 0.6019786338678648, 0.3441638452337105, 0.45763208647779885, 0.8127964091071012, 0.48264656110600884, 0.42994488590704105, 0.21461557453859142, 0.5183125050571776]

Epoch 9: saved sucessfully.



Epoch 10 train loss is:0.019160167671575704

Epoch 10 val loss is:0.005186050152406097

Epoch 10 mean correlation is:0.44662579963663

Epoch 10 correlations:[0.35745100583381073, 0.2533978170733689, 0.6153360814939128, 0.31838329650871844, 0.4606661421364948, 0.8306464109168998, 0.46706122874009526, 0.4337447345471789, 0.24301303883242228, 0.4865582402833989]



Epoch 11 train loss is:0.019130858859759483

Epoch 11 val loss is:0.005096668680198491

Epoch 11 mean correlation is:0.46513053758226486

Epoch 11 correlations:[0.4152149544517907, 0.33320578778590076, 0.6101819487680169, 0.3232586565046806, 0.44565273464991423, 0.8330965362288619, 0.5022500449940368, 0.43434778759382076, 0.26235382890752973, 0.4917430959380958]

Epoch 11: saved sucessfully.



Epoch 12 train loss is:0.019071309898486908

Epoch 12 val loss is:0.005282011337112635

Epoch 12 mean correlation is:0.4762131990868143

Epoch 12 correlations:[0.3986166952350022, 0.3428694323434151, 0.6020464890080226, 0.3646676003780037, 0.4675324869509665, 0.8401708185849729, 0.5006743761741209, 0.4484676152529305, 0.2784500658281242, 0.5186364111125852]

Epoch 12: saved sucessfully.



Epoch 13 train loss is:0.019068353577955242

Epoch 13 val loss is:0.005160923837684095

Epoch 13 mean correlation is:0.4883467486433057

Epoch 13 correlations:[0.41586086605356976, 0.3298416866646612, 0.6443887951483284, 0.38628008206309744, 0.4705387956624119, 0.8468026754514582, 0.510493708058735, 0.42704997901012787, 0.3192735726439897, 0.5329373256766772]

Epoch 13: saved sucessfully.



Epoch 14 train loss is:0.019044366535073257

Epoch 14 val loss is:0.005230326659511775

Epoch 14 mean correlation is:0.4827423744696476

Epoch 14 correlations:[0.4302923319761084, 0.3186884443444098, 0.6336809388083333, 0.3870402812659841, 0.45597920533390623, 0.8288863474601174, 0.5011556032445428, 0.45643769237887094, 0.2966021761027968, 0.518660723781406]



Epoch 15 train loss is:0.019018743959639

Epoch 15 val loss is:0.005165717890486121

Epoch 15 mean correlation is:0.47582761591249456

Epoch 15 correlations:[0.4135334353913449, 0.3538427418977135, 0.6324922355384565, 0.3479960192516981, 0.4318398090467756, 0.824817761371906, 0.507318528855837, 0.4374324544481239, 0.3128872616705181, 0.4961159116525716]



Epoch 16 train loss is:0.018972974063773802

Epoch 16 val loss is:0.005152223433833569

Epoch 16 mean correlation is:0.4930283363902917

Epoch 16 correlations:[0.41875177155318477, 0.35269842909809324, 0.6303782618595662, 0.37472130926457126, 0.4735441250567349, 0.8335939980183118, 0.5254401116112188, 0.48074023482126416, 0.33271980078812763, 0.5076953218318448]

Epoch 16: saved sucessfully.



Epoch 17 train loss is:0.018932485438006765

Epoch 17 val loss is:0.005148898891638965

Epoch 17 mean correlation is:0.4880810869701043

Epoch 17 correlations:[0.42860520048007833, 0.32731707074544186, 0.6292417686963858, 0.3475607620301088, 0.474862226004606, 0.8329424589483623, 0.5277199695089037, 0.461929114962337, 0.3118251621935369, 0.5388071361312827]



Epoch 18 train loss is:0.018919324906378546

Epoch 18 val loss is:0.00498050827300176

Epoch 18 mean correlation is:0.499418731864336

Epoch 18 correlations:[0.4321980624641073, 0.3448068794169427, 0.6473610736555976, 0.37341562585263177, 0.4811783023398594, 0.8386677008328768, 0.5425246545942334, 0.4652078273721563, 0.34631934180545487, 0.522507850309499]

Epoch 18: saved sucessfully.



Epoch 19 train loss is:0.018891322715481853

Epoch 19 val loss is:0.005068739107809961

Epoch 19 mean correlation is:0.4887205333801786

Epoch 19 correlations:[0.41920769173414535, 0.36871287471536085, 0.6493865450579701, 0.36168224507138946, 0.426010761712175, 0.8264195390669136, 0.5443819743110471, 0.4423061570059082, 0.3373282598922716, 0.5117692852346054]



Epoch 20 train loss is:0.018884341058540432

Epoch 20 val loss is:0.004880838491953909

Epoch 20 mean correlation is:0.5003742362855605

Epoch 20 correlations:[0.42402571632217295, 0.36435317996051686, 0.6434864002651669, 0.36435559361186215, 0.47415984465282823, 0.8452649978793003, 0.5288131121648805, 0.48008074394907085, 0.34751816717301237, 0.5316846068767943]

Epoch 20: saved sucessfully.



Epoch 21 train loss is:0.01884400397813057

Epoch 21 val loss is:0.005046076863072813

Epoch 21 mean correlation is:0.48813777119461416

Epoch 21 correlations:[0.41420956398454856, 0.32573593811035195, 0.6339025127344085, 0.37614461860304005, 0.46405996914186315, 0.831566771676632, 0.5358428532450883, 0.45076442282275475, 0.3241522365701763, 0.5249988250572779]



Epoch 22 train loss is:0.018814166112090736

Epoch 22 val loss is:0.0049487327574752275

Epoch 22 mean correlation is:0.502067745026002

Epoch 22 correlations:[0.43059696457841456, 0.345215991265128, 0.641950375032895, 0.37729660653548147, 0.4532739048594305, 0.842408532584122, 0.5512933146016633, 0.4875892730040109, 0.3503986862170257, 0.5406538015818498]

Epoch 22: saved sucessfully.



Epoch 23 train loss is:0.018799613861312323

Epoch 23 val loss is:0.0049196015461348

Epoch 23 mean correlation is:0.5054513418353673

Epoch 23 correlations:[0.4204587943449374, 0.37374452720385315, 0.6614475016847796, 0.37616332832671173, 0.47486954976863144, 0.8460238565317837, 0.5503337097361914, 0.4853527461534607, 0.35401404812725656, 0.5121053564760687]

Epoch 23: saved sucessfully.



Epoch 24 train loss is:0.018793183461050775

Epoch 24 val loss is:0.004993966117035597

Epoch 24 mean correlation is:0.5107277718836112

Epoch 24 correlations:[0.43569459126328325, 0.35678396282322783, 0.6602760513521323, 0.39208348129529214, 0.48068130908888546, 0.8238354532668271, 0.5770985111685275, 0.48893319777679506, 0.3602046831186803, 0.53168647768246]

Epoch 24: saved sucessfully.



Epoch 25 train loss is:0.018772052561261635

Epoch 25 val loss is:0.004876939498353749

Epoch 25 mean correlation is:0.5098739809567165

Epoch 25 correlations:[0.4324402732231046, 0.3557933307779915, 0.6614048424099168, 0.3963946623481763, 0.4599633640178169, 0.8392823254716784, 0.5728769888682629, 0.48991131535673177, 0.3539650130997827, 0.5367076939937031]



Epoch 26 train loss is:0.018742559970740008

Epoch 26 val loss is:0.004748656356241554

Epoch 26 mean correlation is:0.5151886862655821

Epoch 26 correlations:[0.43921328749303884, 0.3604050934290434, 0.6648223392989645, 0.39721028795186214, 0.47274391150597683, 0.8493326571917083, 0.5669332487236614, 0.4904260794646826, 0.36881227967071095, 0.541987677926173]

Epoch 26: saved sucessfully.



Epoch 27 train loss is:0.018736627015887814

Epoch 27 val loss is:0.004928833467420191

Epoch 27 mean correlation is:0.5091706534569488

Epoch 27 correlations:[0.4476748638532594, 0.36147757501240974, 0.6656443147424304, 0.39122440905213113, 0.4830695711823374, 0.8398079152181723, 0.5776712785703974, 0.4278734527499894, 0.370388727616315, 0.526874426572046]



Epoch 28 train loss is:0.018711235353668386

Epoch 28 val loss is:0.004963013820815832

Epoch 28 mean correlation is:0.5140697053219496

Epoch 28 correlations:[0.4384197729253663, 0.37337403504209593, 0.6623498824810166, 0.3710216185558305, 0.4806660570734983, 0.8446296901517749, 0.5818779483617349, 0.4917904662598554, 0.35864481158792444, 0.5379227707803991]



Epoch 29 train loss is:0.018691565285382024

Epoch 29 val loss is:0.004949205019511282

Epoch 29 mean correlation is:0.5162325402503061

Epoch 29 correlations:[0.4179448081454757, 0.3698365217479962, 0.643456364493, 0.4002443922949216, 0.4907028427903007, 0.8355413022766428, 0.5779516716160091, 0.5028532265865145, 0.3666684585815277, 0.5571258139706723]

Epoch 29: saved sucessfully.



Epoch 30 train loss is:0.018675776077982258

Epoch 30 val loss is:0.004990643530618399

Epoch 30 mean correlation is:0.5159030305953421

Epoch 30 correlations:[0.44743920769096024, 0.36710459951747393, 0.6576834380007397, 0.3969445990510745, 0.47203372359024653, 0.8524466696502884, 0.5735321373807064, 0.46598418772204075, 0.38344672174152017, 0.5424150216083711]



Epoch 31 train loss is:0.01864657026496442

Epoch 31 val loss is:0.004817983694374561

Epoch 31 mean correlation is:0.5193854673472905

Epoch 31 correlations:[0.42269723273332155, 0.3663221991250133, 0.6856067854395029, 0.40653861046249984, 0.4716670432264808, 0.8476554719889321, 0.5773743289485378, 0.5008147034077491, 0.3755673619749463, 0.5396109361659217]

Epoch 31: saved sucessfully.



Epoch 32 train loss is:0.01865188868250698

Epoch 32 val loss is:0.004781781230121851

Epoch 32 mean correlation is:0.5189080468374409

Epoch 32 correlations:[0.4277853554715524, 0.37436554100723063, 0.6602433219264753, 0.41243012007616014, 0.4632246857529261, 0.839084293736336, 0.5903224185512453, 0.4907412899663753, 0.37760338155260137, 0.5532800603335049]



Epoch 33 train loss is:0.018622589051066077

Epoch 33 val loss is:0.0048525082413107155

Epoch 33 mean correlation is:0.5120747733773107

Epoch 33 correlations:[0.39137598082401515, 0.3471721952861549, 0.669188438895095, 0.4111466343841818, 0.471544363441864, 0.8482451257229701, 0.5758031096989118, 0.49601543650759716, 0.3607158780780589, 0.5495405709342573]



Epoch 34 train loss is:0.018604761853759342

Epoch 34 val loss is:0.004959482443518936

Epoch 34 mean correlation is:0.52277876424655

Epoch 34 correlations:[0.43226926690267375, 0.35452714422777537, 0.6700640061041696, 0.3923425782546217, 0.4786055814558973, 0.8483034885811689, 0.5801636817066533, 0.5313964172577686, 0.3903554735617407, 0.5497600044130316]

Epoch 34: saved sucessfully.



Epoch 35 train loss is:0.01860687510411748

Epoch 35 val loss is:0.004844385886099189

Epoch 35 mean correlation is:0.5176209001098078

Epoch 35 correlations:[0.4175211505595096, 0.36253708961816516, 0.6537905767830975, 0.3958455778027077, 0.4742006429220748, 0.8446838471935587, 0.593483393603918, 0.4988240954830723, 0.39025847366925615, 0.5450641534627171]



Epoch 36 train loss is:0.01857853833832504

Epoch 36 val loss is:0.0049929861444979904

Epoch 36 mean correlation is:0.5200260065866307

Epoch 36 correlations:[0.43566211804879, 0.3554001398255212, 0.650817968312267, 0.4038389192653933, 0.4719752504317156, 0.8381589362353168, 0.603223459421769, 0.49302933361399165, 0.3945742389759783, 0.5535797017355639]



Epoch 37 train loss is:0.01857390227891943

Epoch 37 val loss is:0.004839862487278879

Epoch 37 mean correlation is:0.5184591893425711

Epoch 37 correlations:[0.42674195768837314, 0.37230158929513346, 0.6585481299764779, 0.4066056251977794, 0.4689714904220673, 0.8471752165011336, 0.5743178414923681, 0.4665805986169983, 0.40665778416961973, 0.5566916600657592]



Epoch 38 train loss is:0.01854531890301801

Epoch 38 val loss is:0.004802838223986328

Epoch 38 mean correlation is:0.5198010477721985

Epoch 38 correlations:[0.4307748462449621, 0.3687675203911794, 0.6681544014523051, 0.4055328162404944, 0.4762246586553376, 0.84695285853926, 0.5843601039367049, 0.49812674200591084, 0.38244056560448686, 0.536675964651343]



Epoch 39 train loss is:0.018535405391936793

Epoch 39 val loss is:0.004717561660800129

Epoch 39 mean correlation is:0.5226809955856668

Epoch 39 correlations:[0.41882508924323303, 0.3858581317077278, 0.6574877223040285, 0.39748856288878825, 0.4791461599836131, 0.8413778330336653, 0.5633168701766849, 0.5137753767679927, 0.41383833449710183, 0.5556958752538333]



Epoch 40 train loss is:0.018517752605326034

Epoch 40 val loss is:0.004708356002811343

Epoch 40 mean correlation is:0.5261943785823104

Epoch 40 correlations:[0.4300233734088562, 0.3742456114230314, 0.6669654738414427, 0.3990479145896146, 0.4813461247779026, 0.8513520810922987, 0.5903636733167549, 0.5009951663068272, 0.41493198238149254, 0.5526723846848834]

Epoch 40: saved sucessfully.



Epoch 41 train loss is:0.018494092797696152

Epoch 41 val loss is:0.0049910688074305655

Epoch 41 mean correlation is:0.5203477452681718

Epoch 41 correlations:[0.4136635607623116, 0.36410460888476137, 0.6521400113276723, 0.3873817734496595, 0.4655266390306781, 0.841382784854743, 0.5979435233582457, 0.5158915994396002, 0.40926764431754964, 0.5561753072564973]



Epoch 42 train loss is:0.01846144986612832

Epoch 42 val loss is:0.004955659119877965

Epoch 42 mean correlation is:0.5199222743195373

Epoch 42 correlations:[0.41930206820122184, 0.35810538996720603, 0.6525188394016265, 0.3993592480793216, 0.43203139835161675, 0.8518242520388358, 0.5935011155965629, 0.5123781219314661, 0.42519130625256246, 0.5550110033749522]



Epoch 43 train loss is:0.018472823964924934

Epoch 43 val loss is:0.004961552331224084

Epoch 43 mean correlation is:0.5256666725402548

Epoch 43 correlations:[0.4294438798638265, 0.36834277946150146, 0.6664231972321685, 0.3819932141852574, 0.4683436994149136, 0.8518249250120227, 0.6057830833479295, 0.5023600847362275, 0.42376188716585705, 0.5583899749828436]



Epoch 44 train loss is:0.018462316174169675

Epoch 44 val loss is:0.004787989426404238

Epoch 44 mean correlation is:0.5260154972551745

Epoch 44 correlations:[0.428182985327902, 0.36529180534744715, 0.6737519402635632, 0.38938108633362656, 0.4687381974698469, 0.8421238656243606, 0.6032622723208443, 0.5021817750113117, 0.4280189067147442, 0.5592221381380987]



Epoch 45 train loss is:0.01842828193843803

Epoch 45 val loss is:0.004736585693899542

Epoch 45 mean correlation is:0.5272506057358407

Epoch 45 correlations:[0.45841388739567146, 0.33639761621208025, 0.6738551039416515, 0.39357711592993744, 0.45428623800661505, 0.8474337216687242, 0.5981048450794879, 0.5269632602966957, 0.425465454352533, 0.5580088144750098]

Epoch 45: saved sucessfully.



Epoch 46 train loss is:0.018418683979988974

Epoch 46 val loss is:0.004956795659381896

Epoch 46 mean correlation is:0.5247569155882077

Epoch 46 correlations:[0.44259512988925354, 0.36201983197332854, 0.6334846023251418, 0.3948272444388462, 0.46927788727820197, 0.8290869485973771, 0.5959131871543991, 0.5320503101337191, 0.4204771233863486, 0.5678368907054606]



Epoch 47 train loss is:0.018415507933070115

Epoch 47 val loss is:0.0049884283798746765

Epoch 47 mean correlation is:0.5252202372934932

Epoch 47 correlations:[0.43497334307388835, 0.335865093234811, 0.6640877590632779, 0.38348924546016516, 0.46331598319552064, 0.8373624963317929, 0.6001334753058505, 0.5332273090222961, 0.44194723481875564, 0.5578004334285742]



Epoch 48 train loss is:0.018387761160128694

Epoch 48 val loss is:0.0047603338141925635

Epoch 48 mean correlation is:0.5255936479320484

Epoch 48 correlations:[0.41563050884699926, 0.3650961842952161, 0.6651930319742325, 0.3996347977831249, 0.44899865692931973, 0.8521379773729079, 0.6026238886232101, 0.5052248793594134, 0.4460464362005892, 0.5553501179354708]



Epoch 49 train loss is:0.018347593522904552

Epoch 49 val loss is:0.004851429525297135

Epoch 49 mean correlation is:0.5276408132068668

Epoch 49 correlations:[0.4423957948610845, 0.35011602512836854, 0.6719070059600554, 0.4048348749772449, 0.46346466125538854, 0.8436942079040293, 0.5921889545110336, 0.5269917288309045, 0.42603063166603866, 0.5547842469745207]

Epoch 49: saved sucessfully.



