Create folders ing
done !
Epoch 0 train loss is:0.022823463118744686

Epoch 0 val loss is:0.006232875096611678

Epoch 0 mean correlation is:0.3290645351802512

Epoch 0 correlations:[0.20461615198249242, 0.22273820656470067, 0.35251205135659774, 0.18358024809291512, 0.40595154275348416, 0.7235171278130573, 0.32755697345153084, 0.37364924797079985, 0.1566068541272885, 0.3399169476896457]

Epoch 0: saved sucessfully.



Epoch 1 train loss is:0.020238515084116337

Epoch 1 val loss is:0.006111729796975851

Epoch 1 mean correlation is:0.3762565747929142

Epoch 1 correlations:[0.21778943307955234, 0.25116975099170386, 0.44392751186919016, 0.3092916071479283, 0.41046519442560087, 0.7280115162534546, 0.37500555259115004, 0.4011869750361069, 0.2116115483834595, 0.4141066581509953]

Epoch 1: saved sucessfully.



Epoch 2 train loss is:0.019944832224727555

Epoch 2 val loss is:0.005972502613440156

Epoch 2 mean correlation is:0.3864105321571435

Epoch 2 correlations:[0.24477666688352634, 0.24503221244157486, 0.43459511606726287, 0.22062990523861775, 0.4004348475973975, 0.7754708090227106, 0.3899589713993119, 0.41094713993211635, 0.35181681653503316, 0.3904428364538842]

Epoch 2: saved sucessfully.



Epoch 3 train loss is:0.019799751588417326

Epoch 3 val loss is:0.005758146790321916

Epoch 3 mean correlation is:0.39979330259762225

Epoch 3 correlations:[0.24177176729244593, 0.23142396334427606, 0.4813390193657606, 0.2816826644176933, 0.41282637022152957, 0.7610106498351107, 0.39395905389694275, 0.39185200738543413, 0.356070947102014, 0.4459965831150161]

Epoch 3: saved sucessfully.



Epoch 4 train loss is:0.019685645131668185

Epoch 4 val loss is:0.005565794976428151

Epoch 4 mean correlation is:0.42190590379127857

Epoch 4 correlations:[0.28573844552762423, 0.2092175045635764, 0.5310421139225402, 0.3354014149441716, 0.42630433617531016, 0.7917045018309514, 0.4538401950855395, 0.37583343437397204, 0.3611581968006014, 0.4488188946884988]

Epoch 4: saved sucessfully.



Epoch 5 train loss is:0.019606179948074415

Epoch 5 val loss is:0.0053217240958474575

Epoch 5 mean correlation is:0.44176386404339485

Epoch 5 correlations:[0.363173349306486, 0.3366019557726926, 0.5392595776231458, 0.35338146857094105, 0.4267976390435771, 0.8068870614097934, 0.4055111189522953, 0.40392301649071594, 0.31914331533055423, 0.46296013793374796]

Epoch 5: saved sucessfully.



Epoch 6 train loss is:0.019505964419530595

Epoch 6 val loss is:0.005631509318482131

Epoch 6 mean correlation is:0.41943367502455076

Epoch 6 correlations:[0.3427387103603072, 0.20984926151311917, 0.5424845565165671, 0.3262540600088595, 0.3983862018656128, 0.7963596134357741, 0.4173669590690034, 0.39917805238978127, 0.326157650810244, 0.43556168427623887]



Epoch 7 train loss is:0.019425595295615494

Epoch 7 val loss is:0.005553613998927176

Epoch 7 mean correlation is:0.42297070972355577

Epoch 7 correlations:[0.3248663809038731, 0.2493514107715421, 0.5573505235918412, 0.3647081536594045, 0.3213023450795983, 0.807593247585487, 0.3939251384325968, 0.39730390784780767, 0.30176643997806557, 0.5115395493853416]



Epoch 8 train loss is:0.019393438043291956

Epoch 8 val loss is:0.005337652564048767

Epoch 8 mean correlation is:0.45282348448173043

Epoch 8 correlations:[0.30074909083289225, 0.32459796935133745, 0.5581654448116762, 0.3672738941185155, 0.4269538956841846, 0.8221978543823814, 0.4491357628925841, 0.4211551126529003, 0.34992684062764823, 0.5080789794631848]

Epoch 8: saved sucessfully.



Epoch 9 train loss is:0.019330973423305243

Epoch 9 val loss is:0.00535917142406106

Epoch 9 mean correlation is:0.45319961950877313

Epoch 9 correlations:[0.3636476546909447, 0.320752976705837, 0.5709129189580664, 0.3534712626593998, 0.4058930129515925, 0.8151752308582583, 0.41069292643129, 0.44467401671917733, 0.3456779923519158, 0.5010982027612495]

Epoch 9: saved sucessfully.



Epoch 10 train loss is:0.019272338394897386

Epoch 10 val loss is:0.005200251762289554

Epoch 10 mean correlation is:0.45174326320522784

Epoch 10 correlations:[0.35242080313695934, 0.3042530586915401, 0.5699232984692056, 0.35518102101026183, 0.4194035430004021, 0.8382750366928124, 0.4545276514847065, 0.4245243656894, 0.319520759528231, 0.47940309434875933]



Epoch 11 train loss is:0.019226691526744295

Epoch 11 val loss is:0.005332692549563945

Epoch 11 mean correlation is:0.45680407191312006

Epoch 11 correlations:[0.3577476668978933, 0.21524039099657427, 0.5992388749621489, 0.3768166947011436, 0.43095170770171687, 0.8313972187812291, 0.4610005997235258, 0.4401772762372143, 0.3531875529561563, 0.5022827361735986]

Epoch 11: saved sucessfully.



Epoch 12 train loss is:0.01922004638130174

Epoch 12 val loss is:0.005279626720584929

Epoch 12 mean correlation is:0.45890608014812956

Epoch 12 correlations:[0.3391864059021816, 0.24460797543606047, 0.5757676894906717, 0.37274503590787517, 0.4213298135283208, 0.8234437183688036, 0.4613096156474771, 0.46808293808387563, 0.3487968024679765, 0.533790806648053]

Epoch 12: saved sucessfully.



Epoch 13 train loss is:0.019176455683020108

Epoch 13 val loss is:0.005308178602717817

Epoch 13 mean correlation is:0.4724377046562448

Epoch 13 correlations:[0.366879663110563, 0.33498117119466103, 0.6021673760352763, 0.3928278777615782, 0.4345971405704866, 0.828545021431461, 0.4922040477278285, 0.4259833545575626, 0.3205126441515704, 0.5256787500214598]

Epoch 13: saved sucessfully.



Epoch 14 train loss is:0.019150251319960638

Epoch 14 val loss is:0.0051225560833700005

Epoch 14 mean correlation is:0.4785876582730036

Epoch 14 correlations:[0.3898532066404052, 0.31884356129081143, 0.5930690320288892, 0.39841334208488766, 0.449997895697739, 0.8458151276362769, 0.4791141704797078, 0.4396840288013448, 0.34866852103458906, 0.5224176970353848]

Epoch 14: saved sucessfully.



Epoch 15 train loss is:0.019100889963481357

Epoch 15 val loss is:0.0051618116209283475

Epoch 15 mean correlation is:0.4708192964509797

Epoch 15 correlations:[0.38330109928308004, 0.32919872857149957, 0.6006098621881693, 0.38896956098681745, 0.4196530221677062, 0.8255379597932415, 0.4908719905142643, 0.3871237658576185, 0.3549800303537144, 0.5279469447936858]



Epoch 16 train loss is:0.01906045894823311

Epoch 16 val loss is:0.005108520935755223

Epoch 16 mean correlation is:0.4857105258768817

Epoch 16 correlations:[0.3881639346072091, 0.3753625678163138, 0.5908568517438011, 0.37565053231789586, 0.43855180029524876, 0.8274371896126987, 0.5099174261656994, 0.4355706656565543, 0.3705217548442245, 0.5450725357091719]

Epoch 16: saved sucessfully.



Epoch 17 train loss is:0.01905395916854853

Epoch 17 val loss is:0.004934212460648268

Epoch 17 mean correlation is:0.4900819471842192

Epoch 17 correlations:[0.3907388118886489, 0.34241273260903354, 0.6215934163715726, 0.3734898254386091, 0.4483891137822623, 0.8399252847382022, 0.5128034172408732, 0.500440131277662, 0.3510395403593328, 0.5199871981359963]

Epoch 17: saved sucessfully.



Epoch 18 train loss is:0.019038790239788154

Epoch 18 val loss is:0.0051485898438841105

Epoch 18 mean correlation is:0.48934992590506887

Epoch 18 correlations:[0.3672963425501931, 0.3566673379692086, 0.6292798160146618, 0.3834013020242532, 0.4620691086299194, 0.8386935930828021, 0.5107792359815212, 0.45017026527125875, 0.3566264270487092, 0.5385158304781609]



Epoch 19 train loss is:0.019004246863700888

Epoch 19 val loss is:0.0050581767805852

Epoch 19 mean correlation is:0.48468279730507724

Epoch 19 correlations:[0.3880540260752818, 0.34955385933840977, 0.6501574540345089, 0.3151182761887684, 0.44093984830646804, 0.8331542523880368, 0.5374721517854522, 0.45847336411425754, 0.3297649682246532, 0.5441397725949362]



Epoch 20 train loss is:0.018998265256831313

Epoch 20 val loss is:0.005165974493138492

Epoch 20 mean correlation is:0.49029850074549525

Epoch 20 correlations:[0.4011058732725433, 0.29841057735210774, 0.6373573920970773, 0.37444878463337883, 0.45321128280807976, 0.831788889330986, 0.5313274313547218, 0.47215256272920836, 0.35393183203489964, 0.54925038184195]

Epoch 20: saved sucessfully.



Epoch 21 train loss is:0.01896595121224356

Epoch 21 val loss is:0.005090091342572123

Epoch 21 mean correlation is:0.4944643469026733

Epoch 21 correlations:[0.3944445628494612, 0.35259558833385657, 0.6379319739762193, 0.3829318007631649, 0.45157499796868816, 0.8449470234736494, 0.5437433905616039, 0.44995041987960555, 0.33456541544720014, 0.5519582957732848]

Epoch 21: saved sucessfully.



Epoch 22 train loss is:0.01895867869915331

Epoch 22 val loss is:0.005113681987859308

Epoch 22 mean correlation is:0.5020799858739093

Epoch 22 correlations:[0.3976325251791614, 0.35247735505884314, 0.6245661903013874, 0.39900553132006955, 0.4640398867735168, 0.8329647068426751, 0.5400521003062019, 0.5008044342013658, 0.3733759359566469, 0.5358811927992251]

Epoch 22: saved sucessfully.



Epoch 23 train loss is:0.018892181286697878

Epoch 23 val loss is:0.004981075052637607

Epoch 23 mean correlation is:0.49198012701037797

Epoch 23 correlations:[0.40962020072932376, 0.34159977030563515, 0.6406088367471323, 0.36668458913268764, 0.4512110240564478, 0.8398147073678326, 0.5435818709409387, 0.4372644107690027, 0.36471923563523356, 0.5246966244195453]



Epoch 24 train loss is:0.018886477727552548

Epoch 24 val loss is:0.004854722111485898

Epoch 24 mean correlation is:0.5019359347868623

Epoch 24 correlations:[0.40734129109849165, 0.35502098427310713, 0.6593245785462074, 0.3941647436322015, 0.46393471488546667, 0.8467911480598351, 0.5465326105336527, 0.4366281639753489, 0.35725125717617967, 0.5523698556881319]



Epoch 25 train loss is:0.018873657414908793

Epoch 25 val loss is:0.00487292263424024

Epoch 25 mean correlation is:0.5035979826792818

Epoch 25 correlations:[0.39184958591200686, 0.35899771500528055, 0.6298300730618533, 0.3792665519224482, 0.47372059179541615, 0.8497306774789809, 0.5468740872322257, 0.4819234726586676, 0.37967138333916817, 0.54411568838677]

Epoch 25: saved sucessfully.



Epoch 26 train loss is:0.018859277687528556

Epoch 26 val loss is:0.004914338316302747

Epoch 26 mean correlation is:0.5135068056314869

Epoch 26 correlations:[0.40996431416597057, 0.3609810587063194, 0.6492116716077915, 0.4199061731674937, 0.4738059391023116, 0.8544236406222999, 0.5616608891362986, 0.4859960396072777, 0.36822594187555996, 0.5508923883235463]

Epoch 26: saved sucessfully.



Epoch 27 train loss is:0.01883259018718758

Epoch 27 val loss is:0.004927115014288575

Epoch 27 mean correlation is:0.5007193858449084

Epoch 27 correlations:[0.38303004188940437, 0.3623051178327235, 0.6336025449644914, 0.40686324646994626, 0.4626843781814839, 0.8414592716800741, 0.5759325724129318, 0.40557119237384825, 0.36781643319131146, 0.5679290594528694]



Epoch 28 train loss is:0.01880027499899049

Epoch 28 val loss is:0.004904401302337646

Epoch 28 mean correlation is:0.5058154162536044

Epoch 28 correlations:[0.41374463393557537, 0.3449927073695734, 0.6435124068255861, 0.40516489799273064, 0.44815577008222013, 0.8327192299692433, 0.5840371215763729, 0.47647390282672186, 0.3696645499243411, 0.5396889420336797]



Epoch 29 train loss is:0.01877512028440833

Epoch 29 val loss is:0.005044080724474043

Epoch 29 mean correlation is:0.5224828504194449

Epoch 29 correlations:[0.40713773298412836, 0.3519447917069482, 0.6670463129134315, 0.42373302639257754, 0.46604143052795316, 0.8468119582962346, 0.5834423584329653, 0.5164333260023573, 0.39653264483578826, 0.5657049221020652]

Epoch 29: saved sucessfully.



Epoch 30 train loss is:0.018765027271857596

Epoch 30 val loss is:0.004962681466713548

Epoch 30 mean correlation is:0.5166615848776548

Epoch 30 correlations:[0.41495916232311686, 0.35130677711733266, 0.6604075606756652, 0.4108875468798238, 0.46736876793187176, 0.8424301907937817, 0.5750738044561697, 0.528943258569397, 0.3861075364828903, 0.5291312435464991]



Epoch 31 train loss is:0.018715626069837635

Epoch 31 val loss is:0.004792659229133278

Epoch 31 mean correlation is:0.5134913392152476

Epoch 31 correlations:[0.4085588203148001, 0.36344731130925817, 0.6582977100031242, 0.4016119328216582, 0.46559379529845135, 0.8395546754094243, 0.5947047732582055, 0.46449432073082264, 0.38601421042843115, 0.5526358425783002]



Epoch 32 train loss is:0.018735043562072166

Epoch 32 val loss is:0.0048029096331447365

Epoch 32 mean correlation is:0.5225884427454233

Epoch 32 correlations:[0.40940402559376815, 0.34761098656699535, 0.6572762758789829, 0.40981039969380534, 0.4718643626327192, 0.8503984113072829, 0.6025388226417504, 0.5219055572351669, 0.4027175851400774, 0.5523580007636844]

Epoch 32: saved sucessfully.



Epoch 33 train loss is:0.01869494495502509

Epoch 33 val loss is:0.005076133110560477

Epoch 33 mean correlation is:0.5219355366845223

Epoch 33 correlations:[0.41084579530492726, 0.337019212429944, 0.6538165822489145, 0.4204937348675775, 0.44264202727934016, 0.837005416746866, 0.6129983441642491, 0.5527677139942601, 0.4043298269002506, 0.5474367129088938]



Epoch 34 train loss is:0.01865975251969169

Epoch 34 val loss is:0.004877379373647272

Epoch 34 mean correlation is:0.5272081172320255

Epoch 34 correlations:[0.4183332803548616, 0.36087118921714323, 0.6351825553093347, 0.4277361171036414, 0.46468211416037153, 0.840521701504448, 0.6182509047030856, 0.555004951001418, 0.3968059988239428, 0.5546923601420082]

Epoch 34: saved sucessfully.



Epoch 35 train loss is:0.01866578601903337

Epoch 35 val loss is:0.004847500333562493

Epoch 35 mean correlation is:0.5194566273182211

Epoch 35 correlations:[0.3863640375133623, 0.33698967643683286, 0.643114022026783, 0.4080439131498947, 0.44548794811313236, 0.856441510501878, 0.6095719310859529, 0.5568290536038419, 0.4102677671631336, 0.5414564135873992]



Epoch 36 train loss is:0.01864434454781825

Epoch 36 val loss is:0.004962564550805837

Epoch 36 mean correlation is:0.5224601290984324

Epoch 36 correlations:[0.4129203857107254, 0.32706224693867625, 0.6531804058761312, 0.3872223388216247, 0.4646078039878046, 0.8371173682790927, 0.6120872751411, 0.5380174920239823, 0.4234242368836574, 0.5689617373215298]



Epoch 37 train loss is:0.018614453864831695

Epoch 37 val loss is:0.004832177795469761

Epoch 37 mean correlation is:0.5191561950213419

Epoch 37 correlations:[0.41131396856885905, 0.31662365233322237, 0.6542041636220537, 0.3966914119101664, 0.4626660727976962, 0.8326944679187408, 0.5997998636522531, 0.5169372889203409, 0.42152755094053207, 0.5791035095495549]



Epoch 38 train loss is:0.01862277276950943

Epoch 38 val loss is:0.004756849410478025

Epoch 38 mean correlation is:0.5234386988167234

Epoch 38 correlations:[0.3742757521821371, 0.3457112068018373, 0.6622542842583673, 0.4019600929770826, 0.46468060092905145, 0.8505277742494937, 0.6064029731925898, 0.5365069069037863, 0.43061668561930394, 0.561450711053585]



Epoch 39 train loss is:0.01855651289498543

Epoch 39 val loss is:0.004791501187719404

Epoch 39 mean correlation is:0.5194560960116622

Epoch 39 correlations:[0.4037648361900394, 0.3525928839538747, 0.6534366839078682, 0.37306171578526365, 0.46596946544746976, 0.8416685243157801, 0.6184064429406031, 0.48585388532599627, 0.4359838642547307, 0.5638226579949974]



Epoch 40 train loss is:0.018558047606390626

Epoch 40 val loss is:0.004980952583719045

Epoch 40 mean correlation is:0.5229848962053595

Epoch 40 correlations:[0.3980767705930826, 0.3367566632361489, 0.653347429973222, 0.39527449054100144, 0.4527352115628861, 0.8443173686987445, 0.6189100429405622, 0.5148964584318704, 0.448563410562726, 0.5669711155133509]



Epoch 41 train loss is:0.018533267983344988

Epoch 41 val loss is:0.004672986909281462

Epoch 41 mean correlation is:0.5223684740203903

Epoch 41 correlations:[0.3843025534949117, 0.3376523064030572, 0.6490632448392333, 0.400013762343634, 0.45590198521795877, 0.8511838865582968, 0.6224143394542541, 0.556181039407932, 0.4174925072909055, 0.5494791151937198]



Epoch 42 train loss is:0.018539397623937796

Epoch 42 val loss is:0.004832380171865225

Epoch 42 mean correlation is:0.5211354896880244

Epoch 42 correlations:[0.3742434003970419, 0.33364630908756915, 0.6411819731033449, 0.4004669204741356, 0.45991794882736087, 0.8570943350407506, 0.6077645399412881, 0.5457908338998066, 0.43382679992411327, 0.5574218361848331]



Epoch 43 train loss is:0.018534394353628157

Epoch 43 val loss is:0.004774338239803911

Epoch 43 mean correlation is:0.5292180752395779

Epoch 43 correlations:[0.4069384826140202, 0.32591562193328166, 0.6543355703918621, 0.4028462235066865, 0.476739732399998, 0.8570386766902544, 0.6263469151522992, 0.5317685889426856, 0.43523174564561856, 0.5750191951190721]

Epoch 43: saved sucessfully.



Epoch 44 train loss is:0.018489237709025688

Epoch 44 val loss is:0.004829821153543889

Epoch 44 mean correlation is:0.5219531451450664

Epoch 44 correlations:[0.4117167105537777, 0.3298393441374971, 0.653874203167805, 0.39317209969469724, 0.4538223817113716, 0.8377211151487072, 0.6266847150416043, 0.5206498615246489, 0.45082134477632657, 0.5412296756942292]



Epoch 45 train loss is:0.018460915955331395

Epoch 45 val loss is:0.005013430106919259

Epoch 45 mean correlation is:0.5272390251442359

Epoch 45 correlations:[0.38806106304577836, 0.333981877837554, 0.6378426084188935, 0.40093267500910507, 0.46183966828828404, 0.8569511359125984, 0.6228353889326582, 0.5727013001819262, 0.43833876562429586, 0.5589057681912655]



Epoch 46 train loss is:0.01845275644103394

Epoch 46 val loss is:0.004700410575605929

Epoch 46 mean correlation is:0.5224564625871685

Epoch 46 correlations:[0.39259903156153675, 0.29972179536574173, 0.6681162333145142, 0.39617904876515686, 0.4310645096519277, 0.84539888456592, 0.6216724890711407, 0.5770784610111215, 0.4288957457515758, 0.5638384268130492]



Epoch 47 train loss is:0.018428186535396997

Epoch 47 val loss is:0.004771949083078653

Epoch 47 mean correlation is:0.5193244772549237

Epoch 47 correlations:[0.3683800040749102, 0.2958901706741847, 0.6382387163642584, 0.41840292974953086, 0.45078292615902826, 0.8533580354861547, 0.5970326387981897, 0.5527162688017858, 0.4484532337060523, 0.5699898487351421]



Epoch 48 train loss is:0.018430148221223668

Epoch 48 val loss is:0.004731864354107529

Epoch 48 mean correlation is:0.5240333228744609

Epoch 48 correlations:[0.39950413813798397, 0.31167670196957625, 0.6506081328779526, 0.3879994481860613, 0.4689004570014294, 0.8628896163441884, 0.6491513589774631, 0.5360402009028228, 0.4161850792292293, 0.5573780951179029]



Epoch 49 train loss is:0.018381547543001087

Epoch 49 val loss is:0.004824664629995823

Epoch 49 mean correlation is:0.5290436647894291

Epoch 49 correlations:[0.38490822402870867, 0.3151929365687522, 0.6546078919242464, 0.3991097494427554, 0.45326993752051, 0.8522097352453651, 0.6580479656933015, 0.5826143221328249, 0.4323586430625878, 0.5581172422752383]



