Create folders ing
done !
Epoch 0 train loss is:0.024090681272997138

Epoch 0 val loss is:0.006398879620246589

Epoch 0 mean correlation is:0.3304065251270364

Epoch 0 correlations:[0.2435624610280344, 0.24108036399277988, 0.36060768688996225, 0.20294846606570424, 0.4166350431550312, 0.7342049055210305, 0.289215167407052, 0.29253646364464225, 0.19985300776478254, 0.32342168580134445]

Epoch 0: saved sucessfully.



Epoch 1 train loss is:0.02023193778004497

Epoch 1 val loss is:0.006071856536436826

Epoch 1 mean correlation is:0.33950349326739027

Epoch 1 correlations:[-0.012108279673813997, 0.2192727079356552, 0.43662979471282587, 0.07239083410501529, 0.426494768649801, 0.7184785665418276, 0.4005463004871908, 0.42042721115074494, 0.2792060725227033, 0.4336969562419521]

Epoch 1: saved sucessfully.



Epoch 2 train loss is:0.019971170396927525

Epoch 2 val loss is:0.006144052580930292

Epoch 2 mean correlation is:0.3841856625386665

Epoch 2 correlations:[0.20842447551142299, 0.20079225476300777, 0.47342632221168346, 0.25598053839605184, 0.4148792869820584, 0.7183355249185364, 0.4171127599350666, 0.40673221056022235, 0.31243980903327695, 0.43373344307533823]

Epoch 2: saved sucessfully.



Epoch 3 train loss is:0.019782793888931765

Epoch 3 val loss is:0.005681806697975844

Epoch 3 mean correlation is:0.406117565389463

Epoch 3 correlations:[0.3321984533283304, 0.21632820854676824, 0.4373788804677738, 0.2840127486771475, 0.44436476917387563, 0.7441222278052679, 0.37778232517465754, 0.4266079104479641, 0.32893342484883664, 0.46944670542400724]

Epoch 3: saved sucessfully.



Epoch 4 train loss is:0.01967268110088566

Epoch 4 val loss is:0.0054737961268983785

Epoch 4 mean correlation is:0.4196353106364817

Epoch 4 correlations:[0.3369928138604375, 0.2416113937792437, 0.5287183515843813, 0.2948614033709845, 0.42636934355052547, 0.7862761081430854, 0.42798034885735786, 0.4010621022799863, 0.2965366165414454, 0.45594462439736905]

Epoch 4: saved sucessfully.



Epoch 5 train loss is:0.01958754022660501

Epoch 5 val loss is:0.005556515231728554

Epoch 5 mean correlation is:0.41419233239612063

Epoch 5 correlations:[0.37118650447667567, 0.2739837572324994, 0.5242236068685061, 0.2628102590894188, 0.40314411848055437, 0.7940476657999456, 0.4106040042818881, 0.3262168159036811, 0.3103000660647607, 0.46540652576327624]



Epoch 6 train loss is:0.01951413830906591

Epoch 6 val loss is:0.005401502887252718

Epoch 6 mean correlation is:0.43943585509961

Epoch 6 correlations:[0.37009283916968205, 0.29208693232038774, 0.5242339046525478, 0.34814374987615365, 0.4400828493332049, 0.8060750337500342, 0.4225659858977278, 0.41631753664112864, 0.3193403409710001, 0.45541937838423285]

Epoch 6: saved sucessfully.



Epoch 7 train loss is:0.019441545436925747

Epoch 7 val loss is:0.005320491024758667

Epoch 7 mean correlation is:0.4409707633509819

Epoch 7 correlations:[0.3165030018538386, 0.26696507071600645, 0.5635681835105016, 0.3165561251421074, 0.45561726068833014, 0.8240553796566221, 0.4156460000973268, 0.4469974054320189, 0.3101641020535124, 0.493635104359554]

Epoch 7: saved sucessfully.



Epoch 8 train loss is:0.0193850885350805

Epoch 8 val loss is:0.005318212660495192

Epoch 8 mean correlation is:0.4404420505075642

Epoch 8 correlations:[0.29839976173388005, 0.2660434752231553, 0.5428343120892732, 0.31189968165810616, 0.4677325843330287, 0.8209970067092563, 0.42472517413375016, 0.4438802128939249, 0.3004309594328267, 0.5274773368684396]



Epoch 9 train loss is:0.01931582511512234

Epoch 9 val loss is:0.005210432736203074

Epoch 9 mean correlation is:0.4474413937669584

Epoch 9 correlations:[0.3355317879953172, 0.2876899633261079, 0.5830846713351079, 0.29842556420387356, 0.4402918201350733, 0.8309673337592323, 0.4564820238358047, 0.4503955934322016, 0.3131897743627239, 0.4783554052841422]

Epoch 9: saved sucessfully.



Epoch 10 train loss is:0.01927884399671765

Epoch 10 val loss is:0.0053400177042931315

Epoch 10 mean correlation is:0.4503634711591453

Epoch 10 correlations:[0.3659053614456557, 0.24355943939377156, 0.5940925532882317, 0.35235049116564937, 0.45415988337399915, 0.8312604789503993, 0.42092722868180243, 0.4099975111618355, 0.31993250420616876, 0.5114492599239389]

Epoch 10: saved sucessfully.



Epoch 11 train loss is:0.019263814755386726

Epoch 11 val loss is:0.005162516096606851

Epoch 11 mean correlation is:0.4599723911934471

Epoch 11 correlations:[0.3793843872198308, 0.293486266109323, 0.5964522378049142, 0.34071107642672815, 0.4597929037992371, 0.8314031902649971, 0.43952414193246236, 0.42012786223841414, 0.3229409556817224, 0.5159008904568422]

Epoch 11: saved sucessfully.



Epoch 12 train loss is:0.019220162824015407

Epoch 12 val loss is:0.005138843820895999

Epoch 12 mean correlation is:0.4570352901862959

Epoch 12 correlations:[0.35324364537525627, 0.20908072325000196, 0.5983462617702331, 0.3471506645500872, 0.4617886352221222, 0.8323680735279656, 0.4712637265169236, 0.4500397472985311, 0.33274116364568834, 0.5143302607061506]



Epoch 13 train loss is:0.019137652277234286

Epoch 13 val loss is:0.005157879472244531

Epoch 13 mean correlation is:0.46567023252494205

Epoch 13 correlations:[0.4031422271197012, 0.23258277239898154, 0.6249995871254482, 0.3685636866294501, 0.46894290721961107, 0.8299004669829281, 0.475706798559028, 0.4497608274880607, 0.33056935126489895, 0.4725337004613124]

Epoch 13: saved sucessfully.



Epoch 14 train loss is:0.019135897742200862

Epoch 14 val loss is:0.005001392273698002

Epoch 14 mean correlation is:0.47467530717580775

Epoch 14 correlations:[0.3961195934212547, 0.2875433263606626, 0.6125585145815697, 0.3694153626920406, 0.452883832322652, 0.8402862652542269, 0.48233090935709405, 0.44493438168536514, 0.33910951763953356, 0.5215713684436784]

Epoch 14: saved sucessfully.



Epoch 15 train loss is:0.01912389299558366

Epoch 15 val loss is:0.00531899097841233

Epoch 15 mean correlation is:0.47029010939422566

Epoch 15 correlations:[0.39248108591356606, 0.31453437311072063, 0.615699543168059, 0.30122291034415616, 0.4603147433238666, 0.831361448258205, 0.5025808468562524, 0.48466386537039896, 0.27109731797020975, 0.5289449596268226]



Epoch 16 train loss is:0.01907162613728467

Epoch 16 val loss is:0.005118437425699085

Epoch 16 mean correlation is:0.468322863863799

Epoch 16 correlations:[0.40192289625385613, 0.2583273409288335, 0.6421245216020537, 0.28670913065196163, 0.47049838357756574, 0.8243307773056294, 0.4977970998579126, 0.4496729565128302, 0.32319321171425114, 0.5286523202330963]



Epoch 17 train loss is:0.019049133293275886

Epoch 17 val loss is:0.0052589320344850424

Epoch 17 mean correlation is:0.48168281206785535

Epoch 17 correlations:[0.3523797071889902, 0.32806149714240707, 0.6451677788789303, 0.34458306141108175, 0.47419403344763067, 0.8355232111652853, 0.49492824517391637, 0.4660006308852799, 0.3514299960721869, 0.524559959312845]

Epoch 17: saved sucessfully.



Epoch 18 train loss is:0.0189988026929581

Epoch 18 val loss is:0.00494476220337674

Epoch 18 mean correlation is:0.4807880473407007

Epoch 18 correlations:[0.3959431571419335, 0.3166889745547868, 0.6352025582507598, 0.3267526326559934, 0.47231720490962076, 0.8367688043714927, 0.5156375548892814, 0.44518297220992537, 0.34896405687926135, 0.5144225575439523]



Epoch 19 train loss is:0.018981915556223077

Epoch 19 val loss is:0.005023049667943269

Epoch 19 mean correlation is:0.48573523588453993

Epoch 19 correlations:[0.39037653469275274, 0.3294697787704797, 0.6492732844713817, 0.3396465697322807, 0.46191382696696376, 0.8344803970098101, 0.506291620828119, 0.4630525298727104, 0.35839485142267763, 0.5244529650782239]

Epoch 19: saved sucessfully.



Epoch 20 train loss is:0.018960861717898618

Epoch 20 val loss is:0.0052355917519889775

Epoch 20 mean correlation is:0.48616341211907743

Epoch 20 correlations:[0.41629141661017954, 0.331333319876948, 0.6509330244335816, 0.35062198652352694, 0.49233076424830924, 0.8430309746441489, 0.5008169258585583, 0.45103926573971675, 0.31679205767440466, 0.5084443855814001]

Epoch 20: saved sucessfully.



Epoch 21 train loss is:0.018918688513119432

Epoch 21 val loss is:0.005082693230360746

Epoch 21 mean correlation is:0.47809715500926514

Epoch 21 correlations:[0.4047976501338941, 0.29349541290014347, 0.6323860401650502, 0.3707546951517421, 0.445442614764876, 0.8291720925644922, 0.5240394927901015, 0.41610354964381296, 0.33074304238340013, 0.5340369595951385]



Epoch 22 train loss is:0.01889840026029988

Epoch 22 val loss is:0.005006438295822591

Epoch 22 mean correlation is:0.49283168542225153

Epoch 22 correlations:[0.36927268570373034, 0.31494906518744764, 0.6639105999520382, 0.3937113740805649, 0.4647419667957894, 0.8452416820171796, 0.514636990222492, 0.45977709750646356, 0.35128158418989486, 0.550793808566915]

Epoch 22: saved sucessfully.



Epoch 23 train loss is:0.018908637730569087

Epoch 23 val loss is:0.004962552001234144

Epoch 23 mean correlation is:0.4886118844108913

Epoch 23 correlations:[0.4079856933646734, 0.33075693207723594, 0.6514631699714962, 0.3315966423703417, 0.45625819735875217, 0.8409002347487939, 0.5142331453873967, 0.44549435136680304, 0.3652362170589485, 0.5421942604044705]



Epoch 24 train loss is:0.018877966503393562

Epoch 24 val loss is:0.004980442137457431

Epoch 24 mean correlation is:0.49780026779044784

Epoch 24 correlations:[0.4071868052189636, 0.35299968213211663, 0.6773858364678425, 0.38036465363883026, 0.4561817176881652, 0.839198896427742, 0.5248539516225863, 0.4637691388246812, 0.3570186245177551, 0.519043371365796]

Epoch 24: saved sucessfully.



Epoch 25 train loss is:0.01884794403689311

Epoch 25 val loss is:0.004999286681413651

Epoch 25 mean correlation is:0.5003428963982474

Epoch 25 correlations:[0.41837652175867196, 0.3631500797763936, 0.6663625257267008, 0.3570239365465766, 0.46717277337540536, 0.8446168088317225, 0.5329251720657537, 0.4462786703994276, 0.3718293034613024, 0.5356931720405196]

Epoch 25: saved sucessfully.



Epoch 26 train loss is:0.018825932937290738

Epoch 26 val loss is:0.004966485488694161

Epoch 26 mean correlation is:0.4938377518060035

Epoch 26 correlations:[0.40122942040751075, 0.32408106944117687, 0.6731090758629115, 0.3423796171569091, 0.4648151698590784, 0.850581866106833, 0.5426027298461128, 0.43042875163045924, 0.372013447663749, 0.5371363700852941]



Epoch 27 train loss is:0.018807604432325153

Epoch 27 val loss is:0.004891204345040023

Epoch 27 mean correlation is:0.5041881416689625

Epoch 27 correlations:[0.4230582480937605, 0.3337334317037222, 0.6576025408792612, 0.3811412195862139, 0.4713135555254667, 0.8487791646348197, 0.5596915048674042, 0.4414656400070315, 0.3880781885893968, 0.5370179228025486]

Epoch 27: saved sucessfully.



Epoch 28 train loss is:0.01878320706241271

Epoch 28 val loss is:0.004849699547048658

Epoch 28 mean correlation is:0.49573258544799853

Epoch 28 correlations:[0.42988931997946284, 0.2982858806843341, 0.6693720864307804, 0.35943287869845236, 0.460607622537404, 0.8577752188791415, 0.5436941409266114, 0.4239771670340741, 0.38602563438650794, 0.5282659049232165]



Epoch 29 train loss is:0.018786695380421246

Epoch 29 val loss is:0.004902914352715016

Epoch 29 mean correlation is:0.4992293746333045

Epoch 29 correlations:[0.40805452194314706, 0.32881868763072986, 0.6520457388318058, 0.3558206173712109, 0.4547440121203819, 0.8436862989894724, 0.5734949152013502, 0.46959270678213083, 0.3702718996545995, 0.5357643478082165]



Epoch 30 train loss is:0.018750128984067808

Epoch 30 val loss is:0.00496337105287239

Epoch 30 mean correlation is:0.5068449969683262

Epoch 30 correlations:[0.4017344749841979, 0.34061854554806487, 0.6693291585525368, 0.39608433317121433, 0.4601700542325914, 0.8522060944265081, 0.5491988718891327, 0.45483667472483874, 0.3912486150629618, 0.5530231470912164]

Epoch 30: saved sucessfully.



Epoch 31 train loss is:0.018755251951241756

Epoch 31 val loss is:0.0049265168840065595

Epoch 31 mean correlation is:0.5013152160204097

Epoch 31 correlations:[0.3985127473796575, 0.3382160791325686, 0.6360523234921488, 0.3778047479095438, 0.46375736392124317, 0.8473558079143789, 0.5537135998651366, 0.4777823720558627, 0.37757823623862663, 0.5423788822949317]



Epoch 32 train loss is:0.01872466369805967

Epoch 32 val loss is:0.004760343837551773

Epoch 32 mean correlation is:0.5088586173597556

Epoch 32 correlations:[0.42772594024745436, 0.33114566990015637, 0.6716317039609829, 0.3658271273331158, 0.4726979026710247, 0.8487354527717298, 0.5609685955490232, 0.47150981810849546, 0.4130092992738866, 0.5253346637816868]

Epoch 32: saved sucessfully.



Epoch 33 train loss is:0.018690168261801934

Epoch 33 val loss is:0.00484751135809347

Epoch 33 mean correlation is:0.5067122529454857

Epoch 33 correlations:[0.40666837388453486, 0.3176466751901409, 0.6607087023288976, 0.3862487446328458, 0.45690448853059656, 0.8515103121887084, 0.5771069133459641, 0.46684014263845375, 0.3975054414116823, 0.5459827353030334]



Epoch 34 train loss is:0.01867615081342485

Epoch 34 val loss is:0.005054192012175917

Epoch 34 mean correlation is:0.5032772408477417

Epoch 34 correlations:[0.40295043799919145, 0.34123779646184044, 0.6404307635864639, 0.3816581598087881, 0.46838037816419237, 0.8353644639665804, 0.5707563174572525, 0.4340857943890692, 0.41401799836701486, 0.5438902982770238]



Epoch 35 train loss is:0.018665126828915055

Epoch 35 val loss is:0.004932191991247237

Epoch 35 mean correlation is:0.5099952706098154

Epoch 35 correlations:[0.4278165137232017, 0.34550463789410285, 0.6526153425285703, 0.3639452307490555, 0.4532094957013522, 0.8498145277043075, 0.5871567252510526, 0.4626565081899048, 0.4023229636625007, 0.554910760694106]

Epoch 35: saved sucessfully.



Epoch 36 train loss is:0.01864313231096329

Epoch 36 val loss is:0.004822129558306187

Epoch 36 mean correlation is:0.5075674984637408

Epoch 36 correlations:[0.4141674707170057, 0.2910611211399393, 0.6495489939475926, 0.38330992969324473, 0.4644029112329669, 0.8365628194509706, 0.574822208360187, 0.4811460796518826, 0.4155346630484638, 0.5651187873951544]



Epoch 37 train loss is:0.018649286628865145

Epoch 37 val loss is:0.004648762987926602

Epoch 37 mean correlation is:0.517414227278981

Epoch 37 correlations:[0.4312405398046744, 0.34837600608271657, 0.6639317437649632, 0.37867279570682555, 0.45633424827863917, 0.8531674212183441, 0.5706204313126415, 0.4901662984015108, 0.41915707718664996, 0.5624757110328441]

Epoch 37: saved sucessfully.



Epoch 38 train loss is:0.018624485093716753

Epoch 38 val loss is:0.004849009355530143

Epoch 38 mean correlation is:0.5115328302252566

Epoch 38 correlations:[0.41688325225334794, 0.34089223467769303, 0.6496912461756381, 0.35985726307184607, 0.4378596595514285, 0.8421883875620867, 0.5800181237494156, 0.481299684378212, 0.4552311930230415, 0.551407257809857]



Epoch 39 train loss is:0.018580170390743982

Epoch 39 val loss is:0.004906786838546395

Epoch 39 mean correlation is:0.5088121519883477

Epoch 39 correlations:[0.4023162193736418, 0.35213437257564206, 0.6316349362471234, 0.3793440448818338, 0.45506554119269904, 0.8486451707672817, 0.5813954811799842, 0.4612202878519418, 0.4559005455928014, 0.5204649202205271]



Epoch 40 train loss is:0.018573433877078487

Epoch 40 val loss is:0.004757121077273041

Epoch 40 mean correlation is:0.5166752050538869

Epoch 40 correlations:[0.44198535313848386, 0.31226638051325634, 0.6353698045925258, 0.3962844783212854, 0.4602120130120205, 0.844674901781142, 0.5811429526670632, 0.4986837942634189, 0.45770746090298536, 0.5384249113466876]



Epoch 41 train loss is:0.018551046728594776

Epoch 41 val loss is:0.0048181148245930675

Epoch 41 mean correlation is:0.5194407657577417

Epoch 41 correlations:[0.43089966858612483, 0.3505232034233974, 0.6340457270555574, 0.360477227471033, 0.4505957724979571, 0.8500228235121559, 0.5913163047031683, 0.49378111507138994, 0.4864389380779919, 0.5463068771786412]

Epoch 41: saved sucessfully.



Epoch 42 train loss is:0.018523887280539116

Epoch 42 val loss is:0.004933981574140489

Epoch 42 mean correlation is:0.5141905371762959

Epoch 42 correlations:[0.42436257729506816, 0.3400209573812694, 0.6466206924727737, 0.347261571561341, 0.47139944769562336, 0.8471010099727628, 0.5844252875432907, 0.4334030352691014, 0.48270865287724585, 0.5646021396944827]



Epoch 43 train loss is:0.01852230791358606

Epoch 43 val loss is:0.0049905172316357495

Epoch 43 mean correlation is:0.519313541231745

Epoch 43 correlations:[0.41723881949345165, 0.3373575920996884, 0.6322352682979917, 0.37723485606128404, 0.4643423202421638, 0.8477844164145018, 0.581752006430154, 0.4814271603890067, 0.49087962546823355, 0.562883347420975]



Epoch 44 train loss is:0.01849341062719331

Epoch 44 val loss is:0.0048039093264378606

Epoch 44 mean correlation is:0.5179799892666297

Epoch 44 correlations:[0.4210959998372478, 0.28647562116941655, 0.6578761347962822, 0.38346099098730424, 0.46302995236802436, 0.8349196899574026, 0.5958789602953788, 0.4956108281943537, 0.4898463519041141, 0.5516053631567732]



Epoch 45 train loss is:0.018474827680791565

Epoch 45 val loss is:0.004850351565983147

Epoch 45 mean correlation is:0.517446199946515

Epoch 45 correlations:[0.43650547690539687, 0.3104979672384145, 0.646654721971888, 0.36401281856086765, 0.45412575109251124, 0.8343310921012255, 0.5974519650914608, 0.5086352548986439, 0.46183577692342465, 0.560411174681316]



Epoch 46 train loss is:0.018477158907198293

Epoch 46 val loss is:0.004862186673562974

Epoch 46 mean correlation is:0.5231441933517725

Epoch 46 correlations:[0.4278280335848519, 0.2991429039137549, 0.6427522461908923, 0.38531860429696463, 0.44957555843511554, 0.8495961472974359, 0.5892695823372746, 0.5181668172101458, 0.5242961328184039, 0.545495907432886]

Epoch 46: saved sucessfully.



Epoch 47 train loss is:0.018441096811062273

Epoch 47 val loss is:0.004686892428435385

Epoch 47 mean correlation is:0.524408993723166

Epoch 47 correlations:[0.4377961159426989, 0.33794521195152405, 0.6822978302997075, 0.381684717743705, 0.45493757842769555, 0.8496959941858728, 0.6167004248391204, 0.4182661913737784, 0.5259967126620798, 0.5387691598054772]

Epoch 47: saved sucessfully.



Epoch 48 train loss is:0.018442770342945176

Epoch 48 val loss is:0.004814956581685692

Epoch 48 mean correlation is:0.5236591263719367

Epoch 48 correlations:[0.42930396180901875, 0.3092890325244484, 0.644872965119894, 0.3751356496471369, 0.46046425789342976, 0.8361620021190206, 0.5941720048051489, 0.5433498366702602, 0.49940200726266065, 0.5444395458683495]



Epoch 49 train loss is:0.01842645524918814

Epoch 49 val loss is:0.004716237040702254

Epoch 49 mean correlation is:0.5227097117575656

Epoch 49 correlations:[0.4523263001024635, 0.32559617363260984, 0.6478517715321345, 0.3688058523355209, 0.4385538308249357, 0.8519199570966214, 0.6003551081999982, 0.4926785078937708, 0.4821242986262215, 0.5668853173313807]



