Create folders ing
done !
Epoch 0 train loss is:0.020925964828690184

Epoch 0 val loss is:0.006481586303561926

Epoch 0 mean correlation is:0.34448643058124884

Epoch 0 correlations:[0.2565185223749691, 0.24103117248622974, 0.4391208909638294, 0.15747447534458156, 0.40447370857656634, 0.6840444161992223, 0.3476253424086333, 0.33240434739821456, 0.18185250003707845, 0.4003189300231638]

Epoch 0: saved sucessfully.



Epoch 1 train loss is:0.0201267057659981

Epoch 1 val loss is:0.006191764038521797

Epoch 1 mean correlation is:0.33523819263656485

Epoch 1 correlations:[0.2765400837001639, 0.038114316343226186, 0.4191080899519519, 0.1796227337679779, 0.3918218223227717, 0.7595947868826399, 0.27455569208572767, 0.3817872681875378, 0.19945473429673452, 0.431782398826917]



Epoch 2 train loss is:0.019851486542371705

Epoch 2 val loss is:0.005760790291242301

Epoch 2 mean correlation is:0.3893522130937336

Epoch 2 correlations:[0.29530442870707857, 0.24274358955519787, 0.47646882735117957, 0.21325062802524158, 0.4237492987379967, 0.762488746996604, 0.4004422250614807, 0.40220446950610517, 0.2508878957344563, 0.42598202126199497]

Epoch 2: saved sucessfully.



Epoch 3 train loss is:0.019682330245097333

Epoch 3 val loss is:0.0057088473578915

Epoch 3 mean correlation is:0.3973590742366996

Epoch 3 correlations:[0.2884630806632894, 0.19961999199188857, 0.5379584418945387, 0.2550035024213537, 0.4176959270608837, 0.7733778023395624, 0.42352096590331756, 0.40371861000961456, 0.20381386251606257, 0.470418557566485]

Epoch 3: saved sucessfully.



Epoch 4 train loss is:0.019548743340077206

Epoch 4 val loss is:0.00559963813284412

Epoch 4 mean correlation is:0.4143931642074262

Epoch 4 correlations:[0.32426365556383197, 0.2513758436373616, 0.5253582835361971, 0.24399273816672204, 0.4434108774141099, 0.7847044049835031, 0.4490198473202245, 0.3832034175240263, 0.26690645626390364, 0.47169611766438185]

Epoch 4: saved sucessfully.



Epoch 5 train loss is:0.01943587912383544

Epoch 5 val loss is:0.005709382309578359

Epoch 5 mean correlation is:0.43072218801866613

Epoch 5 correlations:[0.34116001164353854, 0.2948465317704256, 0.5058593284214087, 0.335766736781353, 0.4571384332396163, 0.7888873498657586, 0.44140835882201934, 0.39312801654638, 0.25450625820929007, 0.4945208548868715]

Epoch 5: saved sucessfully.



Epoch 6 train loss is:0.019353485182749437

Epoch 6 val loss is:0.005452904326375574

Epoch 6 mean correlation is:0.4515133999469514

Epoch 6 correlations:[0.37452171630365516, 0.2989433857052334, 0.5541853670936716, 0.3854572565507227, 0.4622973930405358, 0.8134692680969966, 0.4334733645933242, 0.39726684018791236, 0.2977039819417009, 0.4978154259557615]

Epoch 6: saved sucessfully.



Epoch 7 train loss is:0.019292721135870498

Epoch 7 val loss is:0.005369214038364589

Epoch 7 mean correlation is:0.4519906237444168

Epoch 7 correlations:[0.35071143229804375, 0.27922215250747046, 0.5700749171005054, 0.37473677942613237, 0.47225137488144053, 0.805345767517788, 0.45620406929549806, 0.40187035020960266, 0.3098142778237769, 0.49967511638391054]

Epoch 7: saved sucessfully.



Epoch 8 train loss is:0.019248053951955894

Epoch 8 val loss is:0.005377868853975088

Epoch 8 mean correlation is:0.46165244245639175

Epoch 8 correlations:[0.37849057690810595, 0.309940112559482, 0.5641596348142308, 0.3690945303796396, 0.4718885610253099, 0.8095711333199195, 0.46100089052596366, 0.4106148099999331, 0.3118739327203444, 0.5298902423109878]

Epoch 8: saved sucessfully.



Epoch 9 train loss is:0.01917933290961253

Epoch 9 val loss is:0.005369242560118437

Epoch 9 mean correlation is:0.4741806057374275

Epoch 9 correlations:[0.4116436267498162, 0.3393276659924456, 0.5839692579334395, 0.3750971792351219, 0.4692254667827904, 0.8168383731340104, 0.4955152024935512, 0.40164274696168406, 0.3199378088175617, 0.5286087292738542]

Epoch 9: saved sucessfully.



Epoch 10 train loss is:0.019129808219697546

Epoch 10 val loss is:0.005291308683808893

Epoch 10 mean correlation is:0.46988011466678525

Epoch 10 correlations:[0.3560398288870219, 0.3470165383841959, 0.5822571525739145, 0.3612812493534353, 0.4636016468867344, 0.8195162625018341, 0.5048753024117767, 0.42656352917724055, 0.3263263096590632, 0.5113233268326365]



Epoch 11 train loss is:0.019110402014270864

Epoch 11 val loss is:0.005267140280921012

Epoch 11 mean correlation is:0.47384335021415536

Epoch 11 correlations:[0.38605087376676706, 0.3385015136331107, 0.6010476789005983, 0.35118156046861326, 0.4806912914720849, 0.8335424611922951, 0.49182943088302417, 0.4263857385782431, 0.32484825720432275, 0.5043546960424943]



Epoch 12 train loss is:0.019046286914004562

Epoch 12 val loss is:0.005173369753174483

Epoch 12 mean correlation is:0.4759665518113225

Epoch 12 correlations:[0.4028158731948187, 0.3465470374882146, 0.5875469414368608, 0.34085639770438864, 0.4806476720631909, 0.8248675453825315, 0.501429757108782, 0.4358587140566408, 0.3260958448246219, 0.5129997348531751]

Epoch 12: saved sucessfully.



Epoch 13 train loss is:0.019037206246353248

Epoch 13 val loss is:0.005078839638736099

Epoch 13 mean correlation is:0.485391888755326

Epoch 13 correlations:[0.38221258474525605, 0.35927554582481064, 0.6191107211486416, 0.35797049161358724, 0.4863145285750697, 0.8323702201675555, 0.5171861656092891, 0.4447078904361457, 0.3315671655908491, 0.5232035738420564]

Epoch 13: saved sucessfully.



Epoch 14 train loss is:0.019010229306021597

Epoch 14 val loss is:0.0051362670725211505

Epoch 14 mean correlation is:0.49071967576262887

Epoch 14 correlations:[0.38056293747748204, 0.36892842578981944, 0.6220525521048599, 0.37058733291395973, 0.48038201751492315, 0.8313712503866153, 0.5282164048297793, 0.46189578146075605, 0.33080949782238117, 0.532390557325713]

Epoch 14: saved sucessfully.



Epoch 15 train loss is:0.0189800944439519

Epoch 15 val loss is:0.005131346813868731

Epoch 15 mean correlation is:0.4829832763726209

Epoch 15 correlations:[0.3909670709503251, 0.3450295783390236, 0.6213724986572065, 0.35691507482017665, 0.47073813688771077, 0.8375375877181314, 0.5124735848641367, 0.4568886049826038, 0.3206362065825272, 0.5172744199243676]



Epoch 16 train loss is:0.01894806936136721

Epoch 16 val loss is:0.004981319129001349

Epoch 16 mean correlation is:0.48779035435242923

Epoch 16 correlations:[0.39063533576532156, 0.3564990335160602, 0.6353636836572623, 0.3672155146062395, 0.4780477413706993, 0.8246790845314769, 0.5389634564518723, 0.44055718770945346, 0.32309674072995953, 0.5228457651859473]



Epoch 17 train loss is:0.018940354563186275

Epoch 17 val loss is:0.00509067524690181

Epoch 17 mean correlation is:0.4904221101888237

Epoch 17 correlations:[0.4215570472589037, 0.3283301912233517, 0.633137488018647, 0.36434865417557977, 0.47613372414001115, 0.8286675932515044, 0.5392564444920336, 0.44597405716749566, 0.3400563654094607, 0.5267595367512496]



Epoch 18 train loss is:0.01888120461063569

Epoch 18 val loss is:0.004923763172701001

Epoch 18 mean correlation is:0.4969563278270881

Epoch 18 correlations:[0.4250640210718145, 0.34335621470362293, 0.6342541269648312, 0.3625826809056183, 0.47928944347295843, 0.8386130738868363, 0.5414024629275439, 0.4632868671726567, 0.34657930721521274, 0.5351350799497854]

Epoch 18: saved sucessfully.



Epoch 19 train loss is:0.0188730515567038

Epoch 19 val loss is:0.005129852064419538

Epoch 19 mean correlation is:0.48590928619397056

Epoch 19 correlations:[0.40477458946486855, 0.34956037067439877, 0.6383552423635859, 0.3592606349793721, 0.4601202702580563, 0.8331652944219632, 0.5158808967951487, 0.4189267903734782, 0.3308376224645186, 0.548211150144316]



Epoch 20 train loss is:0.018850153184715

Epoch 20 val loss is:0.004854468256235122

Epoch 20 mean correlation is:0.5018106139555898

Epoch 20 correlations:[0.3969712513596736, 0.35257054729625903, 0.6392770935441258, 0.37334113628219245, 0.48071825554816217, 0.8539075106515528, 0.5524181712259124, 0.48398424628760073, 0.34539060172579994, 0.5395273256346187]

Epoch 20: saved sucessfully.



Epoch 21 train loss is:0.018819128509665675

Epoch 21 val loss is:0.004976569104474038

Epoch 21 mean correlation is:0.5035196134504173

Epoch 21 correlations:[0.4160583330992522, 0.33971580587682965, 0.6597263581643183, 0.3926336696346645, 0.47768010573733016, 0.8423667641054865, 0.5646284866044636, 0.4583913009203669, 0.3407853955283761, 0.5432099148330852]

Epoch 21: saved sucessfully.



Epoch 22 train loss is:0.01881647016031339

Epoch 22 val loss is:0.004955734743271023

Epoch 22 mean correlation is:0.5031344293599143

Epoch 22 correlations:[0.4083336027418036, 0.35343190020410586, 0.6443838977249174, 0.3705881215789184, 0.4832337235271953, 0.8469351590576449, 0.5548814051508324, 0.47308065575832303, 0.33290633514646495, 0.5635694927089371]



Epoch 23 train loss is:0.018771663653280805

Epoch 23 val loss is:0.0048930452205240725

Epoch 23 mean correlation is:0.5113592533318901

Epoch 23 correlations:[0.41497702882338966, 0.34853257314511354, 0.6763865435957669, 0.39092788041109056, 0.4850869305141278, 0.8499973742882266, 0.5654174764887522, 0.4908805736723465, 0.3486288181749394, 0.5427573342051476]

Epoch 23: saved sucessfully.



Epoch 24 train loss is:0.018758029142832932

Epoch 24 val loss is:0.004901093523949384

Epoch 24 mean correlation is:0.5102339714688858

Epoch 24 correlations:[0.4115560993349381, 0.3588979933260076, 0.6605023109126703, 0.3901672787317641, 0.47053112356396853, 0.8413292119413643, 0.5705060050461398, 0.5005289865750618, 0.3479484312314216, 0.5503722740255212]



Epoch 25 train loss is:0.01873954680255231

Epoch 25 val loss is:0.005095263675320894

Epoch 25 mean correlation is:0.5049763848486842

Epoch 25 correlations:[0.41588638479759715, 0.353533984066017, 0.6492600460170852, 0.3714475281128623, 0.44778952712514153, 0.8391513576637153, 0.5635519893352371, 0.4851708168564275, 0.3591680604030484, 0.5648041541097107]



Epoch 26 train loss is:0.018737751331782956

Epoch 26 val loss is:0.005039205262437463

Epoch 26 mean correlation is:0.5083860289525848

Epoch 26 correlations:[0.42135289989005853, 0.33842955434028, 0.6570467412202244, 0.37893558805688343, 0.47465793841013787, 0.8441702613891053, 0.583015271082405, 0.4757547875191496, 0.3613211316896995, 0.5491761159279045]



Epoch 27 train loss is:0.01871361094937824

Epoch 27 val loss is:0.0047985997283831235

Epoch 27 mean correlation is:0.5140750457282748

Epoch 27 correlations:[0.42894132696926696, 0.3196516390438992, 0.6474407530654943, 0.3982811474065358, 0.49170123555547285, 0.8580383099706634, 0.5687440419935711, 0.5099514271662208, 0.3634880451523335, 0.5545125309592893]

Epoch 27: saved sucessfully.



Epoch 28 train loss is:0.018696345079361517

Epoch 28 val loss is:0.004737603501416743

Epoch 28 mean correlation is:0.5101777279789925

Epoch 28 correlations:[0.4102353683604119, 0.3147359519608583, 0.6512300316496287, 0.36851077698732043, 0.49475508566788967, 0.8521804367475537, 0.5789780595182228, 0.5138330879189787, 0.36121759509576606, 0.5561008858832948]



Epoch 29 train loss is:0.018686335805036567

Epoch 29 val loss is:0.00494594348128885

Epoch 29 mean correlation is:0.5123321997508508

Epoch 29 correlations:[0.42166947465149773, 0.32275875176859864, 0.6566092742668985, 0.3947300036563138, 0.48553333317432806, 0.8528158974215039, 0.6164185801144252, 0.4964550570937952, 0.3502058444457345, 0.5261257809154128]



Epoch 30 train loss is:0.018617198675158708

Epoch 30 val loss is:0.004749933630228043

Epoch 30 mean correlation is:0.5176606394502867

Epoch 30 correlations:[0.42693138427464283, 0.3587017185011533, 0.6531825477860604, 0.39030459996478156, 0.4922507527135192, 0.8477464444746567, 0.5966747794296225, 0.4962936744098822, 0.3691293620907323, 0.5453911308578152]

Epoch 30: saved sucessfully.



Epoch 31 train loss is:0.01865548031295047

Epoch 31 val loss is:0.00481406623730436

Epoch 31 mean correlation is:0.5069030876217704

Epoch 31 correlations:[0.34920859328361453, 0.36167155767210807, 0.6719059503857456, 0.3974320548574037, 0.49041901007198324, 0.846441041165932, 0.6123977037658395, 0.4499796804458905, 0.36489870089640314, 0.5246765836727834]



Epoch 32 train loss is:0.01862117315450793

Epoch 32 val loss is:0.004759849410038442

Epoch 32 mean correlation is:0.5228622291419194

Epoch 32 correlations:[0.4140664898890228, 0.3600439060225568, 0.6548400948723193, 0.3989316039589706, 0.4860217363552999, 0.852178497249362, 0.6118657228309444, 0.5081466938548846, 0.37496205820078454, 0.5675654881850487]

Epoch 32: saved sucessfully.



Epoch 33 train loss is:0.018592379972174326

Epoch 33 val loss is:0.004829364479519427

Epoch 33 mean correlation is:0.512232506799821

Epoch 33 correlations:[0.4184264382355524, 0.3363767924073083, 0.6666879158967955, 0.3925455286913558, 0.4793051268807819, 0.8388395360674279, 0.590663470363371, 0.4699161093417458, 0.3745484717351461, 0.5550156783787256]



Epoch 34 train loss is:0.018604969440082855

Epoch 34 val loss is:0.004806973447557539

Epoch 34 mean correlation is:0.5155009421471117

Epoch 34 correlations:[0.4063060605314623, 0.34111742893666896, 0.6398445486617347, 0.3937006543900196, 0.47962288091113214, 0.8514323037610154, 0.6123647211961789, 0.48450890450560363, 0.3875036562573787, 0.5586082623199229]



Epoch 35 train loss is:0.018566310582408572

Epoch 35 val loss is:0.004776950203813612

Epoch 35 mean correlation is:0.5206456419607194

Epoch 35 correlations:[0.42785055483502893, 0.3367976201581644, 0.6765490549328144, 0.3946134254130236, 0.4768249603847481, 0.8358285021594823, 0.6137525394607358, 0.48839414324289265, 0.39449117993488364, 0.56135443908542]



Epoch 36 train loss is:0.01853625169434749

Epoch 36 val loss is:0.004741956072393805

Epoch 36 mean correlation is:0.521793591386918

Epoch 36 correlations:[0.4149280094473945, 0.3438685911552735, 0.6727205541963205, 0.39722258031545576, 0.474555450229862, 0.8565252107234151, 0.6186655297727411, 0.5064513571535423, 0.385071766897349, 0.5479268639778272]



Epoch 37 train loss is:0.018532823810956497

Epoch 37 val loss is:0.00494680623523891

Epoch 37 mean correlation is:0.5099986758062659

Epoch 37 correlations:[0.3934092954831571, 0.34799996465492095, 0.646023244855807, 0.3733632401867727, 0.4456071155822954, 0.8509458057357412, 0.6111143968253377, 0.4719372792096861, 0.38815511167966127, 0.57143130384928]



Epoch 38 train loss is:0.01850830476922805

Epoch 38 val loss is:0.004758340388070792

Epoch 38 mean correlation is:0.5184248400116179

Epoch 38 correlations:[0.41348351416574786, 0.34866223147795566, 0.6535290103085316, 0.39096654970823813, 0.47310198471856235, 0.8546193978133104, 0.6206349283130049, 0.4875214126594122, 0.3793837256660299, 0.5623456452853867]



Epoch 39 train loss is:0.018492260194547912

Epoch 39 val loss is:0.0047222616733051835

Epoch 39 mean correlation is:0.5191003024451212

Epoch 39 correlations:[0.3985367096142108, 0.3418343793839973, 0.6576709426286687, 0.36716311635740856, 0.48102850900764454, 0.8496031463638526, 0.6231446145030046, 0.5168593433485925, 0.4035430408748975, 0.5516192223689357]



Epoch 40 train loss is:0.018494592298863126

Epoch 40 val loss is:0.004908696748316288

Epoch 40 mean correlation is:0.5098657853857504

Epoch 40 correlations:[0.41648537214803655, 0.3094448534064483, 0.6473653479813217, 0.3887294194777379, 0.48137682431055323, 0.8466598172991788, 0.6107981482440433, 0.4364873134747793, 0.40690256732032376, 0.5544081901950819]



Epoch 41 train loss is:0.018464463084990924

Epoch 41 val loss is:0.00476148467278108

Epoch 41 mean correlation is:0.5185767729099962

Epoch 41 correlations:[0.4145473475209179, 0.33316410945497693, 0.6401549104428366, 0.37359265349704524, 0.4769019331324837, 0.8529847880888094, 0.6406573086986431, 0.4954662812674923, 0.40495082663271326, 0.5533475703640445]



Epoch 42 train loss is:0.018445286201313138

Epoch 42 val loss is:0.004803496808744967

Epoch 42 mean correlation is:0.5240478117577638

Epoch 42 correlations:[0.412192362921786, 0.33181941851247343, 0.6491615634572759, 0.38932453495730585, 0.47059867799543637, 0.8541086757966846, 0.6236142282077878, 0.5259847797402517, 0.4152652368015439, 0.5684086391870936]

Epoch 42: saved sucessfully.



Epoch 43 train loss is:0.018436273338054032

Epoch 43 val loss is:0.00482160160318017

Epoch 43 mean correlation is:0.5150455188190776

Epoch 43 correlations:[0.3888117404579585, 0.3049933677598617, 0.6561151986405243, 0.3866257415496128, 0.4743604328221845, 0.8496650349517764, 0.5989388276309343, 0.5100216250087941, 0.42159841534541515, 0.559324804023714]



Epoch 44 train loss is:0.01842867650146432

Epoch 44 val loss is:0.00506124896928668

Epoch 44 mean correlation is:0.5073047956189393

Epoch 44 correlations:[0.37640903018327887, 0.3314596745589008, 0.6405859296786602, 0.38217183053915643, 0.4744215350741556, 0.8480255472411585, 0.6081029068385146, 0.42305509445624223, 0.4270181382822403, 0.5617982693370855]



Epoch 45 train loss is:0.01839264805757386

Epoch 45 val loss is:0.004798074148129672

Epoch 45 mean correlation is:0.5161572620873043

Epoch 45 correlations:[0.3963323547251441, 0.34055712214654055, 0.6663886811345927, 0.40279521647739075, 0.4714652232870743, 0.8427274481159283, 0.5790082065509732, 0.4821561568631236, 0.41624744311638123, 0.5638947684558931]



Epoch 46 train loss is:0.018383735290947643

Epoch 46 val loss is:0.004850859905127436

Epoch 46 mean correlation is:0.5182273087180027

Epoch 46 correlations:[0.39532494955168374, 0.33881062680985746, 0.6573267306248137, 0.3953185248335847, 0.4744982751621781, 0.8312468097793908, 0.5978249779020326, 0.5037098664919178, 0.4189524594246628, 0.5692598665999056]



Epoch 47 train loss is:0.018376723924816093

Epoch 47 val loss is:0.004695441294461489

Epoch 47 mean correlation is:0.5133986508094944

Epoch 47 correlations:[0.34595124729781773, 0.331988528929692, 0.6577755797240804, 0.38222097909487246, 0.45365328314749326, 0.8478546091446806, 0.6313958543578203, 0.4903282484133854, 0.42953904745494026, 0.5632791305301615]



Epoch 48 train loss is:0.018349202130647266

Epoch 48 val loss is:0.00482393914135173

Epoch 48 mean correlation is:0.5150342802029886

Epoch 48 correlations:[0.3698027038564002, 0.3183118171617624, 0.6715967555802737, 0.3739383222631076, 0.4686606868581666, 0.8491488523047941, 0.596085339339547, 0.4986685195247579, 0.44414029733310795, 0.5599895078079669]



Epoch 49 train loss is:0.018317889053758016

Epoch 49 val loss is:0.004838504805229604

Epoch 49 mean correlation is:0.5162114430575281

Epoch 49 correlations:[0.36789185106327865, 0.3428851486507275, 0.6514245536203934, 0.37816141782433993, 0.4615885518894857, 0.8548196900892233, 0.5835950279311631, 0.5250239042698348, 0.4370926414843136, 0.559631643752521]



