Create folders ing
done !
Epoch 0 train loss is:0.024140525017591084

Epoch 0 val loss is:0.006477348227053881

Epoch 0 mean correlation is:0.3163404465600145

Epoch 0 correlations:[0.2284203922834136, 0.27142783184523445, 0.39863981953180117, 0.16834821378081416, 0.3174370420717366, 0.7274921214102937, 0.26553550925266367, 0.3421435423669617, 0.18174357329578056, 0.2622164197614455]

Epoch 0: saved sucessfully.



Epoch 1 train loss is:0.020292152468498578

Epoch 1 val loss is:0.005940703302621841

Epoch 1 mean correlation is:0.373622289923704

Epoch 1 correlations:[0.20811899749600363, 0.25187546157109875, 0.47289661093330637, 0.26899524073973335, 0.38232499693757016, 0.7194653416359506, 0.3628934032773845, 0.3919519236804089, 0.2516154430994994, 0.42608547986608486]

Epoch 1: saved sucessfully.



Epoch 2 train loss is:0.0199766332297312

Epoch 2 val loss is:0.005905062344390899

Epoch 2 mean correlation is:0.3624282223443797

Epoch 2 correlations:[0.01171275975282107, 0.20961448459795512, 0.45968852437213503, 0.32879242828588984, 0.41169535198035806, 0.7544543306550219, 0.4129691784785214, 0.4298011303543325, 0.2618396353105115, 0.34371439965625067]



Epoch 3 train loss is:0.019810982955181425

Epoch 3 val loss is:0.005897648772224784

Epoch 3 mean correlation is:0.3867119330843323

Epoch 3 correlations:[0.20890020389107578, 0.1946688980864576, 0.4771816913485442, 0.2514164144544096, 0.35192008955737697, 0.796875556148844, 0.4118646090332477, 0.42122337377884284, 0.3376796019527186, 0.41538889259180595]

Epoch 3: saved sucessfully.



Epoch 4 train loss is:0.01966669568381108

Epoch 4 val loss is:0.0057297213352285326

Epoch 4 mean correlation is:0.41873459347537273

Epoch 4 correlations:[0.26987247890016336, 0.279050624414933, 0.5388003125244835, 0.32150521017215766, 0.4018294157518521, 0.7761603631655913, 0.3748257563378321, 0.426751986573117, 0.32229516829328875, 0.4762546186203083]

Epoch 4: saved sucessfully.



Epoch 5 train loss is:0.019574277126230298

Epoch 5 val loss is:0.005711056897416711

Epoch 5 mean correlation is:0.4410860915686854

Epoch 5 correlations:[0.36050891510013355, 0.2914564982194182, 0.49931013897504845, 0.3596264206042235, 0.41908823831606123, 0.8138288510650863, 0.4604881960284727, 0.36627065075531456, 0.3432652985487549, 0.4970177080743411]

Epoch 5: saved sucessfully.



Epoch 6 train loss is:0.019482842404121424

Epoch 6 val loss is:0.005362830171361565

Epoch 6 mean correlation is:0.43921144538764895

Epoch 6 correlations:[0.33284727178233303, 0.2861916063357501, 0.5320666326110077, 0.3237611020000216, 0.4114536238469324, 0.8125455859223225, 0.44855563914420044, 0.4347659563622527, 0.3314844747138276, 0.47844256115784156]



Epoch 7 train loss is:0.019432282172526946

Epoch 7 val loss is:0.005480052263010293

Epoch 7 mean correlation is:0.44127524525574435

Epoch 7 correlations:[0.3024511212304306, 0.30573638626315663, 0.5360314112033662, 0.34869690363250816, 0.4081885389871229, 0.8032260274562931, 0.48598443987260864, 0.4128684226085835, 0.33170683569385134, 0.47786236560952217]

Epoch 7: saved sucessfully.



Epoch 8 train loss is:0.019359565219458412

Epoch 8 val loss is:0.005388812068849802

Epoch 8 mean correlation is:0.4440240404270478

Epoch 8 correlations:[0.2740894908177478, 0.3031776745864198, 0.5714968613370561, 0.3665819625125018, 0.4209653065381359, 0.8401540452301421, 0.4424912905140001, 0.4168095282017499, 0.29259905211703297, 0.5118751924156911]

Epoch 8: saved sucessfully.



Epoch 9 train loss is:0.01931587465600494

Epoch 9 val loss is:0.00529544020537287

Epoch 9 mean correlation is:0.45932340920534315

Epoch 9 correlations:[0.3697743168985007, 0.32190227235932095, 0.5826598093098195, 0.3361981140563026, 0.43157221330284307, 0.8251167384011395, 0.47550828623056673, 0.422767535196643, 0.3299590359790598, 0.4977757703192354]

Epoch 9: saved sucessfully.



Epoch 10 train loss is:0.019308267644716097

Epoch 10 val loss is:0.005294211662840098

Epoch 10 mean correlation is:0.4579521752578678

Epoch 10 correlations:[0.35051166483184304, 0.3267165071302947, 0.5812053129572029, 0.33782882207429166, 0.42845007465192514, 0.8227247681212938, 0.44451506129802937, 0.44390704760266086, 0.34512642288130296, 0.49853607102983283]



Epoch 11 train loss is:0.01922033182756208

Epoch 11 val loss is:0.005091325705870986

Epoch 11 mean correlation is:0.4653688188437668

Epoch 11 correlations:[0.3564704519891795, 0.31222333231068033, 0.603053144694543, 0.3438113713935444, 0.43091599062386654, 0.824418520142967, 0.46410931691645985, 0.4655520325215166, 0.3318289810465378, 0.5213050467983731]

Epoch 11: saved sucessfully.



Epoch 12 train loss is:0.019195783903877085

Epoch 12 val loss is:0.00538104644510895

Epoch 12 mean correlation is:0.47793970607558867

Epoch 12 correlations:[0.38840585070952727, 0.28365636364525787, 0.6218779535624148, 0.3779725119156581, 0.45539892723967623, 0.8410927048723075, 0.4817276812484736, 0.44143058321130735, 0.35949643102146805, 0.5283380533297957]

Epoch 12: saved sucessfully.



Epoch 13 train loss is:0.019166034069734023

Epoch 13 val loss is:0.004983631637878716

Epoch 13 mean correlation is:0.4759831671587694

Epoch 13 correlations:[0.36280714458899954, 0.3338735202635436, 0.6169909295098658, 0.33516623676843965, 0.4756755524401854, 0.8363965666205564, 0.5019493353423239, 0.4453009133319129, 0.3454537812955064, 0.50621769142636]



Epoch 14 train loss is:0.019105722519623884

Epoch 14 val loss is:0.005163250816985964

Epoch 14 mean correlation is:0.48276733075801836

Epoch 14 correlations:[0.38866974646191516, 0.33583952753774166, 0.6101956066911302, 0.3825916848365245, 0.4610710294850418, 0.8369250562637383, 0.5063620176932598, 0.45818702998843613, 0.3327438370703031, 0.5150877715520935]

Epoch 14: saved sucessfully.



Epoch 15 train loss is:0.019106341234189184

Epoch 15 val loss is:0.005238509934861213

Epoch 15 mean correlation is:0.4791256130835399

Epoch 15 correlations:[0.38020340873701564, 0.3469851764211018, 0.6187087531735119, 0.34484263576807034, 0.47286201267945555, 0.8422288700997703, 0.48107169815382556, 0.4629978334123655, 0.36944938332727445, 0.4719063590630077]



Epoch 16 train loss is:0.019072311479762634

Epoch 16 val loss is:0.005070679460186511

Epoch 16 mean correlation is:0.47766863873735704

Epoch 16 correlations:[0.32571159727617277, 0.3077981168603714, 0.6216627669713704, 0.37245926305614707, 0.4575160666765796, 0.8403768960974677, 0.5163063456976313, 0.4466035375848727, 0.37037495478196963, 0.5178768423709883]



Epoch 17 train loss is:0.019034067844040693

Epoch 17 val loss is:0.005039330769795925

Epoch 17 mean correlation is:0.4893503213554225

Epoch 17 correlations:[0.3869715868280815, 0.3347982537472076, 0.619197891639632, 0.3662363360788247, 0.47777673110187413, 0.8300281588876429, 0.520288447012816, 0.4753198138687291, 0.35563780816958596, 0.5272481862198308]

Epoch 17: saved sucessfully.



Epoch 18 train loss is:0.01901802325155586

Epoch 18 val loss is:0.00492091306950897

Epoch 18 mean correlation is:0.48252443927778305

Epoch 18 correlations:[0.3071012949621428, 0.33446606414600744, 0.6189857594256959, 0.37588791201119187, 0.46251714165432245, 0.8391625182617117, 0.5255083995031188, 0.4654493402554, 0.3596406357457573, 0.5365253268124822]



Epoch 19 train loss is:0.018982979152625538

Epoch 19 val loss is:0.005164510861504823

Epoch 19 mean correlation is:0.48988880701947907

Epoch 19 correlations:[0.38671000559831814, 0.3304230206523759, 0.6308397560362253, 0.3601772540792739, 0.4543698657569994, 0.8379315582534957, 0.5458531988406149, 0.458958796793931, 0.35210520938440226, 0.5415194047991543]

Epoch 19: saved sucessfully.



Epoch 20 train loss is:0.01896749185398221

Epoch 20 val loss is:0.00505443864967674

Epoch 20 mean correlation is:0.48881193227921055

Epoch 20 correlations:[0.3528043148551473, 0.339914820723056, 0.6081485687146488, 0.3547104552092743, 0.4715837326883926, 0.8542418924175651, 0.5387615236701336, 0.4539649695777761, 0.3745670368135524, 0.5394220081225592]



Epoch 21 train loss is:0.01894182384644142

Epoch 21 val loss is:0.004856280027888715

Epoch 21 mean correlation is:0.4991493878935138

Epoch 21 correlations:[0.3710208083977506, 0.34828139868378954, 0.6361272260985633, 0.38947945211090684, 0.47491784998833925, 0.8448920614457935, 0.539151384692196, 0.4819990298569005, 0.36721017488076413, 0.5384144927801348]

Epoch 21: saved sucessfully.



Epoch 22 train loss is:0.018898230680154966

Epoch 22 val loss is:0.004778746131341905

Epoch 22 mean correlation is:0.49650152821005095

Epoch 22 correlations:[0.3828889833537499, 0.3365443824965135, 0.6510491584016805, 0.3750799865543419, 0.4611211004595654, 0.8507378688861836, 0.5521832001605887, 0.46686705935888373, 0.36398389882381216, 0.5245596436051897]



Epoch 23 train loss is:0.018885144726921092

Epoch 23 val loss is:0.004993760189972818

Epoch 23 mean correlation is:0.4958518743160158

Epoch 23 correlations:[0.39101823622441245, 0.33741552014604037, 0.6512949572548823, 0.37042897522387513, 0.4567867550088053, 0.8385232188310546, 0.5506883381731726, 0.45022536995306894, 0.3717989659548778, 0.5403384063899682]



Epoch 24 train loss is:0.01889009506386869

Epoch 24 val loss is:0.004908112145494669

Epoch 24 mean correlation is:0.5034815171337386

Epoch 24 correlations:[0.38149817956966847, 0.34770583565528895, 0.639524458788959, 0.3726876474687192, 0.45573396848000974, 0.8424840067801062, 0.5684225783485242, 0.4914467892550783, 0.3778724935164849, 0.5574392134745465]

Epoch 24: saved sucessfully.



Epoch 25 train loss is:0.018878364354810294

Epoch 25 val loss is:0.005008702958002686

Epoch 25 mean correlation is:0.4947478806248748

Epoch 25 correlations:[0.3750522552929754, 0.31577381023683715, 0.6318588362645521, 0.3930974316867996, 0.4628946708184576, 0.8354224426773165, 0.5706732984454298, 0.4407963459629497, 0.37817700165668894, 0.5437327132067412]



Epoch 26 train loss is:0.018849530591465095

Epoch 26 val loss is:0.004898130882065743

Epoch 26 mean correlation is:0.5028938225149151

Epoch 26 correlations:[0.4006293971254325, 0.33884862136101035, 0.6560768620110611, 0.3671616205952564, 0.4699323547605442, 0.8481604016157448, 0.5707763060266297, 0.4615893982054179, 0.37137919261647945, 0.5443840708315756]



Epoch 27 train loss is:0.018787882311324423

Epoch 27 val loss is:0.004963147558737546

Epoch 27 mean correlation is:0.5141598570135273

Epoch 27 correlations:[0.3985371902033127, 0.34267101838764985, 0.6547615653600138, 0.37027512999664286, 0.4765871461409973, 0.8571672704767765, 0.5718683999537066, 0.5090139926681303, 0.39569279691187154, 0.5650240600361719]

Epoch 27: saved sucessfully.



Epoch 28 train loss is:0.01877456897020559

Epoch 28 val loss is:0.0048231873544864355

Epoch 28 mean correlation is:0.5086492283023929

Epoch 28 correlations:[0.38329306403067803, 0.3341137128124665, 0.6606263087018489, 0.36261884784526893, 0.4690903943442414, 0.8425470116581839, 0.5764293133922661, 0.5090271234556739, 0.3950602373133755, 0.5536862694699253]



Epoch 29 train loss is:0.018780088395921185

Epoch 29 val loss is:0.004948996601160616

Epoch 29 mean correlation is:0.5037243067553778

Epoch 29 correlations:[0.40596798377795223, 0.31273821444079397, 0.6328711675978295, 0.357278044612169, 0.4600317541696134, 0.8421041681873449, 0.5775768924671102, 0.5342720306063533, 0.3702097630957946, 0.5441930485988177]



Epoch 30 train loss is:0.018756268555572365

Epoch 30 val loss is:0.004831489385105669

Epoch 30 mean correlation is:0.5059924423248348

Epoch 30 correlations:[0.3480821839408826, 0.3372911892316309, 0.6555706449869529, 0.3774763599074218, 0.45426293390732647, 0.8468532653842225, 0.5903821856816976, 0.5174142995079525, 0.385712164771255, 0.5468791959290052]



Epoch 31 train loss is:0.018697664262179066

Epoch 31 val loss is:0.0048106049187481405

Epoch 31 mean correlation is:0.5090339784343725

Epoch 31 correlations:[0.39495858190661415, 0.3269145032514502, 0.6572816383876768, 0.39371583376142105, 0.4539685805913665, 0.8541384876541948, 0.5802060491594465, 0.4908004604553848, 0.38603036689021464, 0.5523252822859551]



Epoch 32 train loss is:0.018715451089391374

Epoch 32 val loss is:0.004754014173522591

Epoch 32 mean correlation is:0.5054317323159181

Epoch 32 correlations:[0.3845008509681417, 0.2844218175873814, 0.6510972389474209, 0.3792547606436526, 0.46679693417194307, 0.847537022568213, 0.5903117731053664, 0.508360567998566, 0.3986818346116709, 0.5433545225568244]



Epoch 33 train loss is:0.018666916341959116

Epoch 33 val loss is:0.004684642923530191

Epoch 33 mean correlation is:0.5146439338552607

Epoch 33 correlations:[0.3930820459633395, 0.3300287002108458, 0.6585313648251905, 0.3824854221379795, 0.4677053689294873, 0.8499219000518619, 0.580293233365472, 0.5088892404976505, 0.39822611180772, 0.5772759507630607]

Epoch 33: saved sucessfully.



Epoch 34 train loss is:0.018649271325043897

Epoch 34 val loss is:0.004796975199133158

Epoch 34 mean correlation is:0.5151982844940974

Epoch 34 correlations:[0.40712691997595946, 0.3210836190626366, 0.6508459375526557, 0.39528117969230214, 0.448720356701353, 0.8525324260684574, 0.5926709466474567, 0.5145437479218958, 0.3970699932352945, 0.5721077180829637]

Epoch 34: saved sucessfully.



Epoch 35 train loss is:0.018657964614548665

Epoch 35 val loss is:0.004867100261617452

Epoch 35 mean correlation is:0.5075503391114105

Epoch 35 correlations:[0.3876753850705267, 0.3054104726830166, 0.6540271991035351, 0.3885211311344507, 0.45533844518965627, 0.8448799824145243, 0.5769977086212006, 0.4963308060629509, 0.40940873127105776, 0.556913529563185]



Epoch 36 train loss is:0.018641530866186848

Epoch 36 val loss is:0.004889723227825016

Epoch 36 mean correlation is:0.5167643202226924

Epoch 36 correlations:[0.404954807950835, 0.3282269330820721, 0.6606943025754334, 0.3902774171705807, 0.4582368313920763, 0.8596102762973932, 0.5800666829715238, 0.5070081831760972, 0.4044515895677597, 0.5741161780431525]

Epoch 36: saved sucessfully.



Epoch 37 train loss is:0.018626751931493775

Epoch 37 val loss is:0.0047447796794585885

Epoch 37 mean correlation is:0.5043517582226607

Epoch 37 correlations:[0.35514968854532475, 0.3168682054679921, 0.6513732280509962, 0.3749745228473797, 0.4283450369830554, 0.8481286072596422, 0.5858822071658011, 0.520217180831287, 0.407613775614852, 0.5549651294602762]



Epoch 38 train loss is:0.018598281105925492

Epoch 38 val loss is:0.00501265253406018

Epoch 38 mean correlation is:0.5075750735561657

Epoch 38 correlations:[0.38840463318313145, 0.3261195416388419, 0.6463001199743926, 0.38731913710875604, 0.4673902938395199, 0.8412889587105484, 0.6133585772875148, 0.45157513936229987, 0.3977224953967787, 0.556271839059874]



Epoch 39 train loss is:0.01858056789428434

Epoch 39 val loss is:0.004769596620462835

Epoch 39 mean correlation is:0.5127406811494298

Epoch 39 correlations:[0.3956268795786871, 0.32158761641062256, 0.6630737648948486, 0.37703105751067006, 0.47269272230555537, 0.8462668288029086, 0.6101363933909869, 0.4848594857791625, 0.39852127276363536, 0.5576107900572205]



Epoch 40 train loss is:0.01855460310300045

Epoch 40 val loss is:0.0048665717360563574

Epoch 40 mean correlation is:0.5108277767531326

Epoch 40 correlations:[0.390811803722963, 0.29489546582500054, 0.6493024759642683, 0.3487223112914444, 0.4593227073585085, 0.845926890238621, 0.603042937229103, 0.5215826907774201, 0.41953822291330645, 0.5751322622106901]



Epoch 41 train loss is:0.018554340446751347

Epoch 41 val loss is:0.0048216094728559256

Epoch 41 mean correlation is:0.5147205704610012

Epoch 41 correlations:[0.3817704854824693, 0.3170346901421247, 0.6561606016208991, 0.39193504524299033, 0.46512381777372475, 0.8474386184047125, 0.595540969190755, 0.5071621082840432, 0.4185743597787407, 0.5664650086895533]



Epoch 42 train loss is:0.01853794438545318

Epoch 42 val loss is:0.004835156933404505

Epoch 42 mean correlation is:0.5182207488538214

Epoch 42 correlations:[0.4104031774657005, 0.30066663434902124, 0.655629327075557, 0.36355504409229333, 0.46179587382956394, 0.8543977420948158, 0.6258832385178986, 0.5569389919215513, 0.40656473679348665, 0.5463727223983251]

Epoch 42: saved sucessfully.



Epoch 43 train loss is:0.018519640316748444

Epoch 43 val loss is:0.004819316312205046

Epoch 43 mean correlation is:0.515158404904667

Epoch 43 correlations:[0.4114666015788094, 0.32402955172506404, 0.6583435878255823, 0.35282468572313613, 0.45619226141302777, 0.8440833002777408, 0.5860081398160644, 0.519524167221246, 0.4296033380103963, 0.5695084154556033]



Epoch 44 train loss is:0.018480126199531644

Epoch 44 val loss is:0.004815310635603964

Epoch 44 mean correlation is:0.5196688515214813

Epoch 44 correlations:[0.42915679188938094, 0.3081481253150864, 0.6379011745321599, 0.3872077585099281, 0.4511945847754437, 0.8373815145034377, 0.5992480126033914, 0.5406429128649022, 0.43743969087869694, 0.5683679493423855]

Epoch 44: saved sucessfully.



Epoch 45 train loss is:0.018460321070297676

Epoch 45 val loss is:0.00471752107841894

Epoch 45 mean correlation is:0.509473398176646

Epoch 45 correlations:[0.40331361711235003, 0.3168134295316121, 0.6347985224264531, 0.37445151192089016, 0.468851034767148, 0.8492380866004213, 0.5816887901200046, 0.508339949742124, 0.4160374833167875, 0.5412015562286693]



Epoch 46 train loss is:0.01847488286165411

Epoch 46 val loss is:0.004767611529678107

Epoch 46 mean correlation is:0.5083210143630469

Epoch 46 correlations:[0.38904386415811354, 0.2910606652630387, 0.649157559690809, 0.3707108455977347, 0.4520241836561171, 0.8472352342271, 0.5923028169952546, 0.524201301726016, 0.40883158979721823, 0.5586420825190666]



Epoch 47 train loss is:0.018434563060017194

Epoch 47 val loss is:0.0048688440234400335

Epoch 47 mean correlation is:0.51463143782452

Epoch 47 correlations:[0.3948231002707696, 0.3186826334816494, 0.6432025156855521, 0.38884914167552087, 0.469216423478521, 0.8516075578975564, 0.5712510543566343, 0.5360882791589204, 0.4029104691913418, 0.569683203048735]



Epoch 48 train loss is:0.0184178565738394

Epoch 48 val loss is:0.004707293328829109

Epoch 48 mean correlation is:0.5122127642252854

Epoch 48 correlations:[0.3975479411093252, 0.3284257586795649, 0.6293355796435315, 0.38336634662652747, 0.46892458539597376, 0.8466785360203173, 0.5865716168530976, 0.517348459407204, 0.40961443721457697, 0.5543143813027359]



Epoch 49 train loss is:0.018396737814113936

Epoch 49 val loss is:0.0047507258714176714

Epoch 49 mean correlation is:0.513048367468189

Epoch 49 correlations:[0.4027262593037595, 0.3012118821782003, 0.6294243292342186, 0.3736793750704296, 0.4588652797288059, 0.8552642208522538, 0.5624854943238987, 0.5634704170867181, 0.4239904200934146, 0.5593659968101916]



